This file contains any messages produced by compilers while
running configure, to aid debugging if configure makes a mistake.

It was created by configure, which was
generated by GNU Autoconf 2.59.  Invocation command line was

  $ ./configure 

## --------- ##
## Platform. ##
## --------- ##

hostname = khs-ubuntu
uname -m = x86_64
uname -r = 6.5.0-14-generic
uname -s = Linux
uname -v = #14~22.04.1-Ubuntu SMP PREEMPT_DYNAMIC Mon Nov 20 18:15:30 UTC 2

/usr/bin/uname -p = x86_64
/bin/uname -X     = unknown

/bin/arch              = x86_64
/usr/bin/arch -k       = unknown
/usr/convex/getsysinfo = unknown
hostinfo               = unknown
/bin/machine           = unknown
/usr/bin/oslevel       = unknown
/bin/universe          = unknown

PATH: /usr/local/sbin
PATH: /usr/local/bin
PATH: /usr/sbin
PATH: /usr/bin
PATH: /sbin
PATH: /bin
PATH: /usr/games
PATH: /usr/local/games
PATH: /snap/bin
PATH: /snap/bin


## ----------- ##
## Core tests. ##
## ----------- ##

configure:1350: checking for gcc
configure:1366: found /usr/bin/gcc
configure:1376: result: gcc
configure:1620: checking for C compiler version
configure:1623: gcc --version </dev/null >&5
gcc (Ubuntu 11.4.0-1ubuntu1~22.04) 11.4.0
Copyright (C) 2021 Free Software Foundation, Inc.
This is free software; see the source for copying conditions.  There is NO
warranty; not even for MERCHANTABILITY or FITNESS FOR A PARTICULAR PURPOSE.

configure:1626: $? = 0
configure:1628: gcc -v </dev/null >&5
Using built-in specs.
COLLECT_GCC=gcc
COLLECT_LTO_WRAPPER=/usr/lib/gcc/x86_64-linux-gnu/11/lto-wrapper
OFFLOAD_TARGET_NAMES=nvptx-none:amdgcn-amdhsa
OFFLOAD_TARGET_DEFAULT=1
Target: x86_64-linux-gnu
Configured with: ../src/configure -v --with-pkgversion='Ubuntu 11.4.0-1ubuntu1~22.04' --with-bugurl=file:///usr/share/doc/gcc-11/README.Bugs --enable-languages=c,ada,c++,go,brig,d,fortran,objc,obj-c++,m2 --prefix=/usr --with-gcc-major-version-only --program-suffix=-11 --program-prefix=x86_64-linux-gnu- --enable-shared --enable-linker-build-id --libexecdir=/usr/lib --without-included-gettext --enable-threads=posix --libdir=/usr/lib --enable-nls --enable-bootstrap --enable-clocale=gnu --enable-libstdcxx-debug --enable-libstdcxx-time=yes --with-default-libstdcxx-abi=new --enable-gnu-unique-object --disable-vtable-verify --enable-plugin --enable-default-pie --with-system-zlib --enable-libphobos-checking=release --with-target-system-zlib=auto --enable-objc-gc=auto --enable-multiarch --disable-werror --enable-cet --with-arch-32=i686 --with-abi=m64 --with-multilib-list=m32,m64,mx32 --enable-multilib --with-tune=generic --enable-offload-targets=nvptx-none=/build/gcc-11-XeT9lY/gcc-11-11.4.0/debian/tmp-nvptx/usr,amdgcn-amdhsa=/build/gcc-11-XeT9lY/gcc-11-11.4.0/debian/tmp-gcn/usr --without-cuda-driver --enable-checking=release --build=x86_64-linux-gnu --host=x86_64-linux-gnu --target=x86_64-linux-gnu --with-build-config=bootstrap-lto-lean --enable-link-serialization=2
Thread model: posix
Supported LTO compression algorithms: zlib zstd
gcc version 11.4.0 (Ubuntu 11.4.0-1ubuntu1~22.04) 
configure:1631: $? = 0
configure:1633: gcc -V </dev/null >&5
gcc: error: unrecognized command-line option '-V'
gcc: fatal error: no input files
compilation terminated.
configure:1636: $? = 1
configure:1659: checking for C compiler default output file name
configure:1662: gcc    conftest.c  >&5
configure:1665: $? = 0
configure:1711: result: a.out
configure:1716: checking whether the C compiler works
configure:1722: ./a.out
configure:1725: $? = 0
configure:1742: result: yes
configure:1749: checking whether we are cross compiling
configure:1751: result: no
configure:1754: checking for suffix of executables
configure:1756: gcc -o conftest    conftest.c  >&5
configure:1759: $? = 0
configure:1784: result: 
configure:1790: checking for suffix of object files
configure:1811: gcc -c   conftest.c >&5
configure:1814: $? = 0
configure:1836: result: o
configure:1840: checking whether we are using the GNU C compiler
configure:1864: gcc -c   conftest.c >&5
configure:1870: $? = 0
configure:1874: test -z 
			 || test ! -s conftest.err
configure:1877: $? = 0
configure:1880: test -s conftest.o
configure:1883: $? = 0
configure:1896: result: yes
configure:1902: checking whether gcc accepts -g
configure:1923: gcc -c -g  conftest.c >&5
configure:1929: $? = 0
configure:1933: test -z 
			 || test ! -s conftest.err
configure:1936: $? = 0
configure:1939: test -s conftest.o
configure:1942: $? = 0
configure:1953: result: yes
configure:1970: checking for gcc option to accept ANSI C
configure:2040: gcc  -c -g -O2  conftest.c >&5
configure:2046: $? = 0
configure:2050: test -z 
			 || test ! -s conftest.err
configure:2053: $? = 0
configure:2056: test -s conftest.o
configure:2059: $? = 0
configure:2077: result: none needed
configure:2095: gcc -c -g -O2  conftest.c >&5
conftest.c:2:3: error: unknown type name 'choke'
    2 |   choke me
      |   ^~~~~
conftest.c:2:3: error: expected '=', ',', ';', 'asm' or '__attribute__' at end of input
configure:2101: $? = 1
configure: failed program was:
| #ifndef __cplusplus
|   choke me
| #endif
configure:2234: checking whether make sets $(MAKE)
configure:2254: result: yes
configure:2301: checking for a BSD-compatible install
configure:2356: result: /usr/bin/install -c
configure:2408: checking for ar
configure:2424: found /usr/bin/ar
configure:2435: result: ar
configure:2488: checking for ranlib
configure:2504: found /usr/bin/ranlib
configure:2515: result: ranlib
configure:2545: checking for special C compiler options needed for large files
configure:2644: result: no
configure:2650: checking for _FILE_OFFSET_BITS value needed for large files
configure:2681: gcc -c -g -O2 -Wall  conftest.c >&5
configure:2687: $? = 0
configure:2691: test -z 
			 || test ! -s conftest.err
configure:2694: $? = 0
configure:2697: test -s conftest.o
configure:2700: $? = 0
configure:2765: result: no
configure:2775: checking for _LARGE_FILES value needed for large files
configure:2806: gcc -c -g -O2 -Wall  conftest.c >&5
configure:2812: $? = 0
configure:2816: test -z 
			 || test ! -s conftest.err
configure:2819: $? = 0
configure:2822: test -s conftest.o
configure:2825: $? = 0
configure:2890: result: no
configure:2902: checking for _LARGEFILE_SOURCE value needed for large files
configure:2925: gcc -c -g -O2 -Wall  conftest.c >&5
conftest.c: In function 'main':
conftest.c:13:8: warning: the address of 'fseeko' will always evaluate as 'true' [-Waddress]
   13 | return !fseeko;
      |        ^
configure:2931: $? = 0
configure:2935: test -z 
			 || test ! -s conftest.err
configure:2938: $? = 0
configure:2941: test -s conftest.o
configure:2944: $? = 0
configure:3001: result: no
configure:3015: checking for fseeko
configure:3036: gcc -o conftest -g -O2 -Wall   conftest.c  >&5
conftest.c: In function 'main':
conftest.c:13:8: warning: the address of 'fseeko' will always evaluate as 'true' [-Waddress]
   13 | return fseeko && fseeko (stdin, 0, 0);
      |        ^~~~~~
configure:3042: $? = 0
configure:3046: test -z 
			 || test ! -s conftest.err
configure:3049: $? = 0
configure:3052: test -s conftest
configure:3055: $? = 0
configure:3067: result: yes
configure:3082: checking how to run the C preprocessor
configure:3117: gcc -E  conftest.c
configure:3123: $? = 0
configure:3155: gcc -E  conftest.c
conftest.c:10:10: fatal error: ac_nonexistent.h: No such file or directory
   10 | #include <ac_nonexistent.h>
      |          ^~~~~~~~~~~~~~~~~~
compilation terminated.
configure:3161: $? = 1
configure: failed program was:
| /* confdefs.h.  */
| 
| #define PACKAGE_NAME ""
| #define PACKAGE_TARNAME ""
| #define PACKAGE_VERSION ""
| #define PACKAGE_STRING ""
| #define PACKAGE_BUGREPORT ""
| #define HAVE_FSEEKO 1
| /* end confdefs.h.  */
| #include <ac_nonexistent.h>
configure:3200: result: gcc -E
configure:3224: gcc -E  conftest.c
configure:3230: $? = 0
configure:3262: gcc -E  conftest.c
conftest.c:10:10: fatal error: ac_nonexistent.h: No such file or directory
   10 | #include <ac_nonexistent.h>
      |          ^~~~~~~~~~~~~~~~~~
compilation terminated.
configure:3268: $? = 1
configure: failed program was:
| /* confdefs.h.  */
| 
| #define PACKAGE_NAME ""
| #define PACKAGE_TARNAME ""
| #define PACKAGE_VERSION ""
| #define PACKAGE_STRING ""
| #define PACKAGE_BUGREPORT ""
| #define HAVE_FSEEKO 1
| /* end confdefs.h.  */
| #include <ac_nonexistent.h>
configure:3312: checking for egrep
configure:3322: result: grep -E
configure:3327: checking for ANSI C header files
configure:3352: gcc -c -g -O2 -Wall  conftest.c >&5
configure:3358: $? = 0
configure:3362: test -z 
			 || test ! -s conftest.err
configure:3365: $? = 0
configure:3368: test -s conftest.o
configure:3371: $? = 0
configure:3460: gcc -o conftest -g -O2 -Wall   conftest.c  >&5
conftest.c: In function 'main':
conftest.c:27:7: warning: implicit declaration of function 'exit' [-Wimplicit-function-declaration]
   27 |       exit(2);
      |       ^~~~
conftest.c:11:1: note: include '<stdlib.h>' or provide a declaration of 'exit'
   10 | #include <ctype.h>
  +++ |+#include <stdlib.h>
   11 | #if ((' ' & 0x0FF) == 0x020)
conftest.c:27:7: warning: incompatible implicit declaration of built-in function 'exit' [-Wbuiltin-declaration-mismatch]
   27 |       exit(2);
      |       ^~~~
conftest.c:27:7: note: include '<stdlib.h>' or provide a declaration of 'exit'
conftest.c:28:3: warning: incompatible implicit declaration of built-in function 'exit' [-Wbuiltin-declaration-mismatch]
   28 |   exit (0);
      |   ^~~~
conftest.c:28:3: note: include '<stdlib.h>' or provide a declaration of 'exit'
configure:3463: $? = 0
configure:3465: ./conftest
configure:3468: $? = 0
configure:3483: result: yes
configure:3507: checking for sys/types.h
configure:3523: gcc -c -g -O2 -Wall  conftest.c >&5
configure:3529: $? = 0
configure:3533: test -z 
			 || test ! -s conftest.err
configure:3536: $? = 0
configure:3539: test -s conftest.o
configure:3542: $? = 0
configure:3553: result: yes
configure:3507: checking for sys/stat.h
configure:3523: gcc -c -g -O2 -Wall  conftest.c >&5
configure:3529: $? = 0
configure:3533: test -z 
			 || test ! -s conftest.err
configure:3536: $? = 0
configure:3539: test -s conftest.o
configure:3542: $? = 0
configure:3553: result: yes
configure:3507: checking for stdlib.h
configure:3523: gcc -c -g -O2 -Wall  conftest.c >&5
configure:3529: $? = 0
configure:3533: test -z 
			 || test ! -s conftest.err
configure:3536: $? = 0
configure:3539: test -s conftest.o
configure:3542: $? = 0
configure:3553: result: yes
configure:3507: checking for string.h
configure:3523: gcc -c -g -O2 -Wall  conftest.c >&5
configure:3529: $? = 0
configure:3533: test -z 
			 || test ! -s conftest.err
configure:3536: $? = 0
configure:3539: test -s conftest.o
configure:3542: $? = 0
configure:3553: result: yes
configure:3507: checking for memory.h
configure:3523: gcc -c -g -O2 -Wall  conftest.c >&5
configure:3529: $? = 0
configure:3533: test -z 
			 || test ! -s conftest.err
configure:3536: $? = 0
configure:3539: test -s conftest.o
configure:3542: $? = 0
configure:3553: result: yes
configure:3507: checking for strings.h
configure:3523: gcc -c -g -O2 -Wall  conftest.c >&5
configure:3529: $? = 0
configure:3533: test -z 
			 || test ! -s conftest.err
configure:3536: $? = 0
configure:3539: test -s conftest.o
configure:3542: $? = 0
configure:3553: result: yes
configure:3507: checking for inttypes.h
configure:3523: gcc -c -g -O2 -Wall  conftest.c >&5
configure:3529: $? = 0
configure:3533: test -z 
			 || test ! -s conftest.err
configure:3536: $? = 0
configure:3539: test -s conftest.o
configure:3542: $? = 0
configure:3553: result: yes
configure:3507: checking for stdint.h
configure:3523: gcc -c -g -O2 -Wall  conftest.c >&5
configure:3529: $? = 0
configure:3533: test -z 
			 || test ! -s conftest.err
configure:3536: $? = 0
configure:3539: test -s conftest.o
configure:3542: $? = 0
configure:3553: result: yes
configure:3507: checking for unistd.h
configure:3523: gcc -c -g -O2 -Wall  conftest.c >&5
configure:3529: $? = 0
configure:3533: test -z 
			 || test ! -s conftest.err
configure:3536: $? = 0
configure:3539: test -s conftest.o
configure:3542: $? = 0
configure:3553: result: yes
configure:3565: checking for off_t
configure:3589: gcc -c -g -O2 -Wall  conftest.c >&5
configure:3595: $? = 0
configure:3599: test -z 
			 || test ! -s conftest.err
configure:3602: $? = 0
configure:3605: test -s conftest.o
configure:3608: $? = 0
configure:3619: result: yes
configure:3638: checking build system type
configure:3656: result: x86_64-unknown-linux-gnu
configure:3665: checking host system type
configure:3679: result: x86_64-unknown-linux-gnu
configure:3694: checking host operating system
configure:3696: result: linux-gnu
configure:3731: checking how to create shared objects
configure:3761: gcc -o conftest -g -O2 -Wall   -fPIC -DPIC -shared -rdynamic conftest.c  >&5
configure:3767: $? = 0
configure:3771: test -z 
			 || test ! -s conftest.err
configure:3774: $? = 0
configure:3777: test -s conftest
configure:3780: $? = 0
configure:4246: result: -shared -rdynamic -fPIC -DPIC
configure:4259: checking for dlopen
configure:4316: gcc -o conftest -g -O2 -Wall   conftest.c  >&5
configure:4322: $? = 0
configure:4326: test -z 
			 || test ! -s conftest.err
configure:4329: $? = 0
configure:4332: test -s conftest
configure:4335: $? = 0
configure:4347: result: yes
configure:4444: checking for main in -lz
configure:4468: gcc -o conftest -g -O2 -Wall   conftest.c -lz   >&5
configure:4474: $? = 0
configure:4478: test -z 
			 || test ! -s conftest.err
configure:4481: $? = 0
configure:4484: test -s conftest
configure:4487: $? = 0
configure:4500: result: yes
configure:4519: checking for main in -lbz2
configure:4543: gcc -o conftest -g -O2 -Wall   conftest.c -lbz2   >&5
/usr/bin/ld: cannot find -lbz2: No such file or directory
collect2: error: ld returned 1 exit status
configure:4549: $? = 1
configure: failed program was:
| /* confdefs.h.  */
| 
| #define PACKAGE_NAME ""
| #define PACKAGE_TARNAME ""
| #define PACKAGE_VERSION ""
| #define PACKAGE_STRING ""
| #define PACKAGE_BUGREPORT ""
| #define HAVE_FSEEKO 1
| #define STDC_HEADERS 1
| #define HAVE_SYS_TYPES_H 1
| #define HAVE_SYS_STAT_H 1
| #define HAVE_STDLIB_H 1
| #define HAVE_STRING_H 1
| #define HAVE_MEMORY_H 1
| #define HAVE_STRINGS_H 1
| #define HAVE_INTTYPES_H 1
| #define HAVE_STDINT_H 1
| #define HAVE_UNISTD_H 1
| #define HAVE_DLOPEN 1
| #define HAVE_LIBZ
| /* end confdefs.h.  */
| 
| 
| int
| main ()
| {
| main ();
|   ;
|   return 0;
| }
configure:4575: result: no
configure:4594: checking for main in -lmcrypt
configure:4618: gcc -o conftest -g -O2 -Wall   conftest.c -lmcrypt   >&5
/usr/bin/ld: cannot find -lmcrypt: No such file or directory
collect2: error: ld returned 1 exit status
configure:4624: $? = 1
configure: failed program was:
| /* confdefs.h.  */
| 
| #define PACKAGE_NAME ""
| #define PACKAGE_TARNAME ""
| #define PACKAGE_VERSION ""
| #define PACKAGE_STRING ""
| #define PACKAGE_BUGREPORT ""
| #define HAVE_FSEEKO 1
| #define STDC_HEADERS 1
| #define HAVE_SYS_TYPES_H 1
| #define HAVE_SYS_STAT_H 1
| #define HAVE_STDLIB_H 1
| #define HAVE_STRING_H 1
| #define HAVE_MEMORY_H 1
| #define HAVE_STRINGS_H 1
| #define HAVE_INTTYPES_H 1
| #define HAVE_STDINT_H 1
| #define HAVE_UNISTD_H 1
| #define HAVE_DLOPEN 1
| #define HAVE_LIBZ
| /* end confdefs.h.  */
| 
| 
| int
| main ()
| {
| main ();
|   ;
|   return 0;
| }
configure:4650: result: no
configure:4669: checking for main in -llzo
configure:4693: gcc -o conftest -g -O2 -Wall   conftest.c -llzo   >&5
/usr/bin/ld: cannot find -llzo: No such file or directory
collect2: error: ld returned 1 exit status
configure:4699: $? = 1
configure: failed program was:
| /* confdefs.h.  */
| 
| #define PACKAGE_NAME ""
| #define PACKAGE_TARNAME ""
| #define PACKAGE_VERSION ""
| #define PACKAGE_STRING ""
| #define PACKAGE_BUGREPORT ""
| #define HAVE_FSEEKO 1
| #define STDC_HEADERS 1
| #define HAVE_SYS_TYPES_H 1
| #define HAVE_SYS_STAT_H 1
| #define HAVE_STDLIB_H 1
| #define HAVE_STRING_H 1
| #define HAVE_MEMORY_H 1
| #define HAVE_STRINGS_H 1
| #define HAVE_INTTYPES_H 1
| #define HAVE_STDINT_H 1
| #define HAVE_UNISTD_H 1
| #define HAVE_DLOPEN 1
| #define HAVE_LIBZ
| /* end confdefs.h.  */
| 
| 
| int
| main ()
| {
| main ();
|   ;
|   return 0;
| }
configure:4725: result: no
configure:5308: checking for library containing socket
configure:5338: gcc -o conftest -g -O2 -Wall   conftest.c  >&5
configure:5344: $? = 0
configure:5348: test -z 
			 || test ! -s conftest.err
configure:5351: $? = 0
configure:5354: test -s conftest
configure:5357: $? = 0
configure:5427: result: none required
configure:5438: checking for library containing gethostbyname
configure:5468: gcc -o conftest -g -O2 -Wall   conftest.c  >&5
configure:5474: $? = 0
configure:5478: test -z 
			 || test ! -s conftest.err
configure:5481: $? = 0
configure:5484: test -s conftest
configure:5487: $? = 0
configure:5557: result: none required
configure:5568: checking for library containing inet_aton
configure:5598: gcc -o conftest -g -O2 -Wall   conftest.c  >&5
configure:5604: $? = 0
configure:5608: test -z 
			 || test ! -s conftest.err
configure:5611: $? = 0
configure:5614: test -s conftest
configure:5617: $? = 0
configure:5687: result: none required
configure:5871: checking for dlopen
configure:5959: result: yes
configure:6052: checking to use modules
configure:6092: result: yes
configure:6133: checking to see if you have /dev/urandom
configure:6136: result: yes
configure:6188: checking zlib.h usability
configure:6200: gcc -c -g -O2 -Wall  conftest.c >&5
configure:6206: $? = 0
configure:6210: test -z 
			 || test ! -s conftest.err
configure:6213: $? = 0
configure:6216: test -s conftest.o
configure:6219: $? = 0
configure:6229: result: yes
configure:6233: checking zlib.h presence
configure:6243: gcc -E  conftest.c
configure:6249: $? = 0
configure:6269: result: yes
configure:6304: checking for zlib.h
configure:6311: result: yes
configure:6188: checking getopt.h usability
configure:6200: gcc -c -g -O2 -Wall  conftest.c >&5
configure:6206: $? = 0
configure:6210: test -z 
			 || test ! -s conftest.err
configure:6213: $? = 0
configure:6216: test -s conftest.o
configure:6219: $? = 0
configure:6229: result: yes
configure:6233: checking getopt.h presence
configure:6243: gcc -E  conftest.c
configure:6249: $? = 0
configure:6269: result: yes
configure:6304: checking for getopt.h
configure:6311: result: yes
configure:6188: checking stdio.h usability
configure:6200: gcc -c -g -O2 -Wall  conftest.c >&5
configure:6206: $? = 0
configure:6210: test -z 
			 || test ! -s conftest.err
configure:6213: $? = 0
configure:6216: test -s conftest.o
configure:6219: $? = 0
configure:6229: result: yes
configure:6233: checking stdio.h presence
configure:6243: gcc -E  conftest.c
configure:6249: $? = 0
configure:6269: result: yes
configure:6304: checking for stdio.h
configure:6311: result: yes
configure:6179: checking for strings.h
configure:6184: result: yes
configure:6179: checking for string.h
configure:6184: result: yes
configure:6179: checking for unistd.h
configure:6184: result: yes
configure:6179: checking for stdint.h
configure:6184: result: yes
configure:6179: checking for inttypes.h
configure:6184: result: yes
configure:6188: checking bzlib.h usability
configure:6200: gcc -c -g -O2 -Wall  conftest.c >&5
conftest.c:71:10: fatal error: bzlib.h: No such file or directory
   71 | #include <bzlib.h>
      |          ^~~~~~~~~
compilation terminated.
configure:6206: $? = 1
configure: failed program was:
| /* confdefs.h.  */
| 
| #define PACKAGE_NAME ""
| #define PACKAGE_TARNAME ""
| #define PACKAGE_VERSION ""
| #define PACKAGE_STRING ""
| #define PACKAGE_BUGREPORT ""
| #define HAVE_FSEEKO 1
| #define STDC_HEADERS 1
| #define HAVE_SYS_TYPES_H 1
| #define HAVE_SYS_STAT_H 1
| #define HAVE_STDLIB_H 1
| #define HAVE_STRING_H 1
| #define HAVE_MEMORY_H 1
| #define HAVE_STRINGS_H 1
| #define HAVE_INTTYPES_H 1
| #define HAVE_STDINT_H 1
| #define HAVE_UNISTD_H 1
| #define HAVE_DLOPEN 1
| #define HAVE_LIBZ
| #define CHECK_VERSION
| #define HAVE_SOCKET
| #define HAVE_GETHOSTBYNAME
| #define HAVE_INET_ATON
| #define HAVE_DLOPEN 1
| #define USE_MODULES 1
| #define HAVE_DEV_URANDOM
| #define HAVE_ZLIB_H 1
| #define HAVE_GETOPT_H 1
| #define HAVE_STDIO_H 1
| #define HAVE_STRINGS_H 1
| #define HAVE_STRING_H 1
| #define HAVE_UNISTD_H 1
| #define HAVE_STDINT_H 1
| #define HAVE_INTTYPES_H 1
| /* end confdefs.h.  */
| #include <stdio.h>
| #if HAVE_SYS_TYPES_H
| # include <sys/types.h>
| #endif
| #if HAVE_SYS_STAT_H
| # include <sys/stat.h>
| #endif
| #if STDC_HEADERS
| # include <stdlib.h>
| # include <stddef.h>
| #else
| # if HAVE_STDLIB_H
| #  include <stdlib.h>
| # endif
| #endif
| #if HAVE_STRING_H
| # if !STDC_HEADERS && HAVE_MEMORY_H
| #  include <memory.h>
| # endif
| # include <string.h>
| #endif
| #if HAVE_STRINGS_H
| # include <strings.h>
| #endif
| #if HAVE_INTTYPES_H
| # include <inttypes.h>
| #else
| # if HAVE_STDINT_H
| #  include <stdint.h>
| # endif
| #endif
| #if HAVE_UNISTD_H
| # include <unistd.h>
| #endif
| #include <bzlib.h>
configure:6229: result: no
configure:6233: checking bzlib.h presence
configure:6243: gcc -E  conftest.c
conftest.c:37:10: fatal error: bzlib.h: No such file or directory
   37 | #include <bzlib.h>
      |          ^~~~~~~~~
compilation terminated.
configure:6249: $? = 1
configure: failed program was:
| /* confdefs.h.  */
| 
| #define PACKAGE_NAME ""
| #define PACKAGE_TARNAME ""
| #define PACKAGE_VERSION ""
| #define PACKAGE_STRING ""
| #define PACKAGE_BUGREPORT ""
| #define HAVE_FSEEKO 1
| #define STDC_HEADERS 1
| #define HAVE_SYS_TYPES_H 1
| #define HAVE_SYS_STAT_H 1
| #define HAVE_STDLIB_H 1
| #define HAVE_STRING_H 1
| #define HAVE_MEMORY_H 1
| #define HAVE_STRINGS_H 1
| #define HAVE_INTTYPES_H 1
| #define HAVE_STDINT_H 1
| #define HAVE_UNISTD_H 1
| #define HAVE_DLOPEN 1
| #define HAVE_LIBZ
| #define CHECK_VERSION
| #define HAVE_SOCKET
| #define HAVE_GETHOSTBYNAME
| #define HAVE_INET_ATON
| #define HAVE_DLOPEN 1
| #define USE_MODULES 1
| #define HAVE_DEV_URANDOM
| #define HAVE_ZLIB_H 1
| #define HAVE_GETOPT_H 1
| #define HAVE_STDIO_H 1
| #define HAVE_STRINGS_H 1
| #define HAVE_STRING_H 1
| #define HAVE_UNISTD_H 1
| #define HAVE_STDINT_H 1
| #define HAVE_INTTYPES_H 1
| /* end confdefs.h.  */
| #include <bzlib.h>
configure:6269: result: no
configure:6304: checking for bzlib.h
configure:6311: result: no
configure:6188: checking sys/time.h usability
configure:6200: gcc -c -g -O2 -Wall  conftest.c >&5
configure:6206: $? = 0
configure:6210: test -z 
			 || test ! -s conftest.err
configure:6213: $? = 0
configure:6216: test -s conftest.o
configure:6219: $? = 0
configure:6229: result: yes
configure:6233: checking sys/time.h presence
configure:6243: gcc -E  conftest.c
configure:6249: $? = 0
configure:6269: result: yes
configure:6304: checking for sys/time.h
configure:6311: result: yes
configure:6188: checking sys/utsname.h usability
configure:6200: gcc -c -g -O2 -Wall  conftest.c >&5
configure:6206: $? = 0
configure:6210: test -z 
			 || test ! -s conftest.err
configure:6213: $? = 0
configure:6216: test -s conftest.o
configure:6219: $? = 0
configure:6229: result: yes
configure:6233: checking sys/utsname.h presence
configure:6243: gcc -E  conftest.c
configure:6249: $? = 0
configure:6269: result: yes
configure:6304: checking for sys/utsname.h
configure:6311: result: yes
configure:6188: checking sys/socket.h usability
configure:6200: gcc -c -g -O2 -Wall  conftest.c >&5
configure:6206: $? = 0
configure:6210: test -z 
			 || test ! -s conftest.err
configure:6213: $? = 0
configure:6216: test -s conftest.o
configure:6219: $? = 0
configure:6229: result: yes
configure:6233: checking sys/socket.h presence
configure:6243: gcc -E  conftest.c
configure:6249: $? = 0
configure:6269: result: yes
configure:6304: checking for sys/socket.h
configure:6311: result: yes
configure:6188: checking sys/wait.h usability
configure:6200: gcc -c -g -O2 -Wall  conftest.c >&5
configure:6206: $? = 0
configure:6210: test -z 
			 || test ! -s conftest.err
configure:6213: $? = 0
configure:6216: test -s conftest.o
configure:6219: $? = 0
configure:6229: result: yes
configure:6233: checking sys/wait.h presence
configure:6243: gcc -E  conftest.c
configure:6249: $? = 0
configure:6269: result: yes
configure:6304: checking for sys/wait.h
configure:6311: result: yes
configure:6188: checking lzoconf.h usability
configure:6200: gcc -c -g -O2 -Wall  conftest.c >&5
conftest.c:75:10: fatal error: lzoconf.h: No such file or directory
   75 | #include <lzoconf.h>
      |          ^~~~~~~~~~~
compilation terminated.
configure:6206: $? = 1
configure: failed program was:
| /* confdefs.h.  */
| 
| #define PACKAGE_NAME ""
| #define PACKAGE_TARNAME ""
| #define PACKAGE_VERSION ""
| #define PACKAGE_STRING ""
| #define PACKAGE_BUGREPORT ""
| #define HAVE_FSEEKO 1
| #define STDC_HEADERS 1
| #define HAVE_SYS_TYPES_H 1
| #define HAVE_SYS_STAT_H 1
| #define HAVE_STDLIB_H 1
| #define HAVE_STRING_H 1
| #define HAVE_MEMORY_H 1
| #define HAVE_STRINGS_H 1
| #define HAVE_INTTYPES_H 1
| #define HAVE_STDINT_H 1
| #define HAVE_UNISTD_H 1
| #define HAVE_DLOPEN 1
| #define HAVE_LIBZ
| #define CHECK_VERSION
| #define HAVE_SOCKET
| #define HAVE_GETHOSTBYNAME
| #define HAVE_INET_ATON
| #define HAVE_DLOPEN 1
| #define USE_MODULES 1
| #define HAVE_DEV_URANDOM
| #define HAVE_ZLIB_H 1
| #define HAVE_GETOPT_H 1
| #define HAVE_STDIO_H 1
| #define HAVE_STRINGS_H 1
| #define HAVE_STRING_H 1
| #define HAVE_UNISTD_H 1
| #define HAVE_STDINT_H 1
| #define HAVE_INTTYPES_H 1
| #define HAVE_SYS_TIME_H 1
| #define HAVE_SYS_UTSNAME_H 1
| #define HAVE_SYS_SOCKET_H 1
| #define HAVE_SYS_WAIT_H 1
| /* end confdefs.h.  */
| #include <stdio.h>
| #if HAVE_SYS_TYPES_H
| # include <sys/types.h>
| #endif
| #if HAVE_SYS_STAT_H
| # include <sys/stat.h>
| #endif
| #if STDC_HEADERS
| # include <stdlib.h>
| # include <stddef.h>
| #else
| # if HAVE_STDLIB_H
| #  include <stdlib.h>
| # endif
| #endif
| #if HAVE_STRING_H
| # if !STDC_HEADERS && HAVE_MEMORY_H
| #  include <memory.h>
| # endif
| # include <string.h>
| #endif
| #if HAVE_STRINGS_H
| # include <strings.h>
| #endif
| #if HAVE_INTTYPES_H
| # include <inttypes.h>
| #else
| # if HAVE_STDINT_H
| #  include <stdint.h>
| # endif
| #endif
| #if HAVE_UNISTD_H
| # include <unistd.h>
| #endif
| #include <lzoconf.h>
configure:6229: result: no
configure:6233: checking lzoconf.h presence
configure:6243: gcc -E  conftest.c
conftest.c:41:10: fatal error: lzoconf.h: No such file or directory
   41 | #include <lzoconf.h>
      |          ^~~~~~~~~~~
compilation terminated.
configure:6249: $? = 1
configure: failed program was:
| /* confdefs.h.  */
| 
| #define PACKAGE_NAME ""
| #define PACKAGE_TARNAME ""
| #define PACKAGE_VERSION ""
| #define PACKAGE_STRING ""
| #define PACKAGE_BUGREPORT ""
| #define HAVE_FSEEKO 1
| #define STDC_HEADERS 1
| #define HAVE_SYS_TYPES_H 1
| #define HAVE_SYS_STAT_H 1
| #define HAVE_STDLIB_H 1
| #define HAVE_STRING_H 1
| #define HAVE_MEMORY_H 1
| #define HAVE_STRINGS_H 1
| #define HAVE_INTTYPES_H 1
| #define HAVE_STDINT_H 1
| #define HAVE_UNISTD_H 1
| #define HAVE_DLOPEN 1
| #define HAVE_LIBZ
| #define CHECK_VERSION
| #define HAVE_SOCKET
| #define HAVE_GETHOSTBYNAME
| #define HAVE_INET_ATON
| #define HAVE_DLOPEN 1
| #define USE_MODULES 1
| #define HAVE_DEV_URANDOM
| #define HAVE_ZLIB_H 1
| #define HAVE_GETOPT_H 1
| #define HAVE_STDIO_H 1
| #define HAVE_STRINGS_H 1
| #define HAVE_STRING_H 1
| #define HAVE_UNISTD_H 1
| #define HAVE_STDINT_H 1
| #define HAVE_INTTYPES_H 1
| #define HAVE_SYS_TIME_H 1
| #define HAVE_SYS_UTSNAME_H 1
| #define HAVE_SYS_SOCKET_H 1
| #define HAVE_SYS_WAIT_H 1
| /* end confdefs.h.  */
| #include <lzoconf.h>
configure:6269: result: no
configure:6304: checking for lzoconf.h
configure:6311: result: no
configure:6188: checking lzo1x.h usability
configure:6200: gcc -c -g -O2 -Wall  conftest.c >&5
conftest.c:75:10: fatal error: lzo1x.h: No such file or directory
   75 | #include <lzo1x.h>
      |          ^~~~~~~~~
compilation terminated.
configure:6206: $? = 1
configure: failed program was:
| /* confdefs.h.  */
| 
| #define PACKAGE_NAME ""
| #define PACKAGE_TARNAME ""
| #define PACKAGE_VERSION ""
| #define PACKAGE_STRING ""
| #define PACKAGE_BUGREPORT ""
| #define HAVE_FSEEKO 1
| #define STDC_HEADERS 1
| #define HAVE_SYS_TYPES_H 1
| #define HAVE_SYS_STAT_H 1
| #define HAVE_STDLIB_H 1
| #define HAVE_STRING_H 1
| #define HAVE_MEMORY_H 1
| #define HAVE_STRINGS_H 1
| #define HAVE_INTTYPES_H 1
| #define HAVE_STDINT_H 1
| #define HAVE_UNISTD_H 1
| #define HAVE_DLOPEN 1
| #define HAVE_LIBZ
| #define CHECK_VERSION
| #define HAVE_SOCKET
| #define HAVE_GETHOSTBYNAME
| #define HAVE_INET_ATON
| #define HAVE_DLOPEN 1
| #define USE_MODULES 1
| #define HAVE_DEV_URANDOM
| #define HAVE_ZLIB_H 1
| #define HAVE_GETOPT_H 1
| #define HAVE_STDIO_H 1
| #define HAVE_STRINGS_H 1
| #define HAVE_STRING_H 1
| #define HAVE_UNISTD_H 1
| #define HAVE_STDINT_H 1
| #define HAVE_INTTYPES_H 1
| #define HAVE_SYS_TIME_H 1
| #define HAVE_SYS_UTSNAME_H 1
| #define HAVE_SYS_SOCKET_H 1
| #define HAVE_SYS_WAIT_H 1
| /* end confdefs.h.  */
| #include <stdio.h>
| #if HAVE_SYS_TYPES_H
| # include <sys/types.h>
| #endif
| #if HAVE_SYS_STAT_H
| # include <sys/stat.h>
| #endif
| #if STDC_HEADERS
| # include <stdlib.h>
| # include <stddef.h>
| #else
| # if HAVE_STDLIB_H
| #  include <stdlib.h>
| # endif
| #endif
| #if HAVE_STRING_H
| # if !STDC_HEADERS && HAVE_MEMORY_H
| #  include <memory.h>
| # endif
| # include <string.h>
| #endif
| #if HAVE_STRINGS_H
| # include <strings.h>
| #endif
| #if HAVE_INTTYPES_H
| # include <inttypes.h>
| #else
| # if HAVE_STDINT_H
| #  include <stdint.h>
| # endif
| #endif
| #if HAVE_UNISTD_H
| # include <unistd.h>
| #endif
| #include <lzo1x.h>
configure:6229: result: no
configure:6233: checking lzo1x.h presence
configure:6243: gcc -E  conftest.c
conftest.c:41:10: fatal error: lzo1x.h: No such file or directory
   41 | #include <lzo1x.h>
      |          ^~~~~~~~~
compilation terminated.
configure:6249: $? = 1
configure: failed program was:
| /* confdefs.h.  */
| 
| #define PACKAGE_NAME ""
| #define PACKAGE_TARNAME ""
| #define PACKAGE_VERSION ""
| #define PACKAGE_STRING ""
| #define PACKAGE_BUGREPORT ""
| #define HAVE_FSEEKO 1
| #define STDC_HEADERS 1
| #define HAVE_SYS_TYPES_H 1
| #define HAVE_SYS_STAT_H 1
| #define HAVE_STDLIB_H 1
| #define HAVE_STRING_H 1
| #define HAVE_MEMORY_H 1
| #define HAVE_STRINGS_H 1
| #define HAVE_INTTYPES_H 1
| #define HAVE_STDINT_H 1
| #define HAVE_UNISTD_H 1
| #define HAVE_DLOPEN 1
| #define HAVE_LIBZ
| #define CHECK_VERSION
| #define HAVE_SOCKET
| #define HAVE_GETHOSTBYNAME
| #define HAVE_INET_ATON
| #define HAVE_DLOPEN 1
| #define USE_MODULES 1
| #define HAVE_DEV_URANDOM
| #define HAVE_ZLIB_H 1
| #define HAVE_GETOPT_H 1
| #define HAVE_STDIO_H 1
| #define HAVE_STRINGS_H 1
| #define HAVE_STRING_H 1
| #define HAVE_UNISTD_H 1
| #define HAVE_STDINT_H 1
| #define HAVE_INTTYPES_H 1
| #define HAVE_SYS_TIME_H 1
| #define HAVE_SYS_UTSNAME_H 1
| #define HAVE_SYS_SOCKET_H 1
| #define HAVE_SYS_WAIT_H 1
| /* end confdefs.h.  */
| #include <lzo1x.h>
configure:6269: result: no
configure:6304: checking for lzo1x.h
configure:6311: result: no
configure:6188: checking lzo1y.h usability
configure:6200: gcc -c -g -O2 -Wall  conftest.c >&5
conftest.c:75:10: fatal error: lzo1y.h: No such file or directory
   75 | #include <lzo1y.h>
      |          ^~~~~~~~~
compilation terminated.
configure:6206: $? = 1
configure: failed program was:
| /* confdefs.h.  */
| 
| #define PACKAGE_NAME ""
| #define PACKAGE_TARNAME ""
| #define PACKAGE_VERSION ""
| #define PACKAGE_STRING ""
| #define PACKAGE_BUGREPORT ""
| #define HAVE_FSEEKO 1
| #define STDC_HEADERS 1
| #define HAVE_SYS_TYPES_H 1
| #define HAVE_SYS_STAT_H 1
| #define HAVE_STDLIB_H 1
| #define HAVE_STRING_H 1
| #define HAVE_MEMORY_H 1
| #define HAVE_STRINGS_H 1
| #define HAVE_INTTYPES_H 1
| #define HAVE_STDINT_H 1
| #define HAVE_UNISTD_H 1
| #define HAVE_DLOPEN 1
| #define HAVE_LIBZ
| #define CHECK_VERSION
| #define HAVE_SOCKET
| #define HAVE_GETHOSTBYNAME
| #define HAVE_INET_ATON
| #define HAVE_DLOPEN 1
| #define USE_MODULES 1
| #define HAVE_DEV_URANDOM
| #define HAVE_ZLIB_H 1
| #define HAVE_GETOPT_H 1
| #define HAVE_STDIO_H 1
| #define HAVE_STRINGS_H 1
| #define HAVE_STRING_H 1
| #define HAVE_UNISTD_H 1
| #define HAVE_STDINT_H 1
| #define HAVE_INTTYPES_H 1
| #define HAVE_SYS_TIME_H 1
| #define HAVE_SYS_UTSNAME_H 1
| #define HAVE_SYS_SOCKET_H 1
| #define HAVE_SYS_WAIT_H 1
| /* end confdefs.h.  */
| #include <stdio.h>
| #if HAVE_SYS_TYPES_H
| # include <sys/types.h>
| #endif
| #if HAVE_SYS_STAT_H
| # include <sys/stat.h>
| #endif
| #if STDC_HEADERS
| # include <stdlib.h>
| # include <stddef.h>
| #else
| # if HAVE_STDLIB_H
| #  include <stdlib.h>
| # endif
| #endif
| #if HAVE_STRING_H
| # if !STDC_HEADERS && HAVE_MEMORY_H
| #  include <memory.h>
| # endif
| # include <string.h>
| #endif
| #if HAVE_STRINGS_H
| # include <strings.h>
| #endif
| #if HAVE_INTTYPES_H
| # include <inttypes.h>
| #else
| # if HAVE_STDINT_H
| #  include <stdint.h>
| # endif
| #endif
| #if HAVE_UNISTD_H
| # include <unistd.h>
| #endif
| #include <lzo1y.h>
configure:6229: result: no
configure:6233: checking lzo1y.h presence
configure:6243: gcc -E  conftest.c
conftest.c:41:10: fatal error: lzo1y.h: No such file or directory
   41 | #include <lzo1y.h>
      |          ^~~~~~~~~
compilation terminated.
configure:6249: $? = 1
configure: failed program was:
| /* confdefs.h.  */
| 
| #define PACKAGE_NAME ""
| #define PACKAGE_TARNAME ""
| #define PACKAGE_VERSION ""
| #define PACKAGE_STRING ""
| #define PACKAGE_BUGREPORT ""
| #define HAVE_FSEEKO 1
| #define STDC_HEADERS 1
| #define HAVE_SYS_TYPES_H 1
| #define HAVE_SYS_STAT_H 1
| #define HAVE_STDLIB_H 1
| #define HAVE_STRING_H 1
| #define HAVE_MEMORY_H 1
| #define HAVE_STRINGS_H 1
| #define HAVE_INTTYPES_H 1
| #define HAVE_STDINT_H 1
| #define HAVE_UNISTD_H 1
| #define HAVE_DLOPEN 1
| #define HAVE_LIBZ
| #define CHECK_VERSION
| #define HAVE_SOCKET
| #define HAVE_GETHOSTBYNAME
| #define HAVE_INET_ATON
| #define HAVE_DLOPEN 1
| #define USE_MODULES 1
| #define HAVE_DEV_URANDOM
| #define HAVE_ZLIB_H 1
| #define HAVE_GETOPT_H 1
| #define HAVE_STDIO_H 1
| #define HAVE_STRINGS_H 1
| #define HAVE_STRING_H 1
| #define HAVE_UNISTD_H 1
| #define HAVE_STDINT_H 1
| #define HAVE_INTTYPES_H 1
| #define HAVE_SYS_TIME_H 1
| #define HAVE_SYS_UTSNAME_H 1
| #define HAVE_SYS_SOCKET_H 1
| #define HAVE_SYS_WAIT_H 1
| /* end confdefs.h.  */
| #include <lzo1y.h>
configure:6269: result: no
configure:6304: checking for lzo1y.h
configure:6311: result: no
configure:6188: checking lzo2a.h usability
configure:6200: gcc -c -g -O2 -Wall  conftest.c >&5
conftest.c:75:10: fatal error: lzo2a.h: No such file or directory
   75 | #include <lzo2a.h>
      |          ^~~~~~~~~
compilation terminated.
configure:6206: $? = 1
configure: failed program was:
| /* confdefs.h.  */
| 
| #define PACKAGE_NAME ""
| #define PACKAGE_TARNAME ""
| #define PACKAGE_VERSION ""
| #define PACKAGE_STRING ""
| #define PACKAGE_BUGREPORT ""
| #define HAVE_FSEEKO 1
| #define STDC_HEADERS 1
| #define HAVE_SYS_TYPES_H 1
| #define HAVE_SYS_STAT_H 1
| #define HAVE_STDLIB_H 1
| #define HAVE_STRING_H 1
| #define HAVE_MEMORY_H 1
| #define HAVE_STRINGS_H 1
| #define HAVE_INTTYPES_H 1
| #define HAVE_STDINT_H 1
| #define HAVE_UNISTD_H 1
| #define HAVE_DLOPEN 1
| #define HAVE_LIBZ
| #define CHECK_VERSION
| #define HAVE_SOCKET
| #define HAVE_GETHOSTBYNAME
| #define HAVE_INET_ATON
| #define HAVE_DLOPEN 1
| #define USE_MODULES 1
| #define HAVE_DEV_URANDOM
| #define HAVE_ZLIB_H 1
| #define HAVE_GETOPT_H 1
| #define HAVE_STDIO_H 1
| #define HAVE_STRINGS_H 1
| #define HAVE_STRING_H 1
| #define HAVE_UNISTD_H 1
| #define HAVE_STDINT_H 1
| #define HAVE_INTTYPES_H 1
| #define HAVE_SYS_TIME_H 1
| #define HAVE_SYS_UTSNAME_H 1
| #define HAVE_SYS_SOCKET_H 1
| #define HAVE_SYS_WAIT_H 1
| /* end confdefs.h.  */
| #include <stdio.h>
| #if HAVE_SYS_TYPES_H
| # include <sys/types.h>
| #endif
| #if HAVE_SYS_STAT_H
| # include <sys/stat.h>
| #endif
| #if STDC_HEADERS
| # include <stdlib.h>
| # include <stddef.h>
| #else
| # if HAVE_STDLIB_H
| #  include <stdlib.h>
| # endif
| #endif
| #if HAVE_STRING_H
| # if !STDC_HEADERS && HAVE_MEMORY_H
| #  include <memory.h>
| # endif
| # include <string.h>
| #endif
| #if HAVE_STRINGS_H
| # include <strings.h>
| #endif
| #if HAVE_INTTYPES_H
| # include <inttypes.h>
| #else
| # if HAVE_STDINT_H
| #  include <stdint.h>
| # endif
| #endif
| #if HAVE_UNISTD_H
| # include <unistd.h>
| #endif
| #include <lzo2a.h>
configure:6229: result: no
configure:6233: checking lzo2a.h presence
configure:6243: gcc -E  conftest.c
conftest.c:41:10: fatal error: lzo2a.h: No such file or directory
   41 | #include <lzo2a.h>
      |          ^~~~~~~~~
compilation terminated.
configure:6249: $? = 1
configure: failed program was:
| /* confdefs.h.  */
| 
| #define PACKAGE_NAME ""
| #define PACKAGE_TARNAME ""
| #define PACKAGE_VERSION ""
| #define PACKAGE_STRING ""
| #define PACKAGE_BUGREPORT ""
| #define HAVE_FSEEKO 1
| #define STDC_HEADERS 1
| #define HAVE_SYS_TYPES_H 1
| #define HAVE_SYS_STAT_H 1
| #define HAVE_STDLIB_H 1
| #define HAVE_STRING_H 1
| #define HAVE_MEMORY_H 1
| #define HAVE_STRINGS_H 1
| #define HAVE_INTTYPES_H 1
| #define HAVE_STDINT_H 1
| #define HAVE_UNISTD_H 1
| #define HAVE_DLOPEN 1
| #define HAVE_LIBZ
| #define CHECK_VERSION
| #define HAVE_SOCKET
| #define HAVE_GETHOSTBYNAME
| #define HAVE_INET_ATON
| #define HAVE_DLOPEN 1
| #define USE_MODULES 1
| #define HAVE_DEV_URANDOM
| #define HAVE_ZLIB_H 1
| #define HAVE_GETOPT_H 1
| #define HAVE_STDIO_H 1
| #define HAVE_STRINGS_H 1
| #define HAVE_STRING_H 1
| #define HAVE_UNISTD_H 1
| #define HAVE_STDINT_H 1
| #define HAVE_INTTYPES_H 1
| #define HAVE_SYS_TIME_H 1
| #define HAVE_SYS_UTSNAME_H 1
| #define HAVE_SYS_SOCKET_H 1
| #define HAVE_SYS_WAIT_H 1
| /* end confdefs.h.  */
| #include <lzo2a.h>
configure:6269: result: no
configure:6304: checking for lzo2a.h
configure:6311: result: no
configure:6188: checking dirent.h usability
configure:6200: gcc -c -g -O2 -Wall  conftest.c >&5
configure:6206: $? = 0
configure:6210: test -z 
			 || test ! -s conftest.err
configure:6213: $? = 0
configure:6216: test -s conftest.o
configure:6219: $? = 0
configure:6229: result: yes
configure:6233: checking dirent.h presence
configure:6243: gcc -E  conftest.c
configure:6249: $? = 0
configure:6269: result: yes
configure:6304: checking for dirent.h
configure:6311: result: yes
configure:6188: checking mcrypt.h usability
configure:6200: gcc -c -g -O2 -Wall  conftest.c >&5
conftest.c:76:10: fatal error: mcrypt.h: No such file or directory
   76 | #include <mcrypt.h>
      |          ^~~~~~~~~~
compilation terminated.
configure:6206: $? = 1
configure: failed program was:
| /* confdefs.h.  */
| 
| #define PACKAGE_NAME ""
| #define PACKAGE_TARNAME ""
| #define PACKAGE_VERSION ""
| #define PACKAGE_STRING ""
| #define PACKAGE_BUGREPORT ""
| #define HAVE_FSEEKO 1
| #define STDC_HEADERS 1
| #define HAVE_SYS_TYPES_H 1
| #define HAVE_SYS_STAT_H 1
| #define HAVE_STDLIB_H 1
| #define HAVE_STRING_H 1
| #define HAVE_MEMORY_H 1
| #define HAVE_STRINGS_H 1
| #define HAVE_INTTYPES_H 1
| #define HAVE_STDINT_H 1
| #define HAVE_UNISTD_H 1
| #define HAVE_DLOPEN 1
| #define HAVE_LIBZ
| #define CHECK_VERSION
| #define HAVE_SOCKET
| #define HAVE_GETHOSTBYNAME
| #define HAVE_INET_ATON
| #define HAVE_DLOPEN 1
| #define USE_MODULES 1
| #define HAVE_DEV_URANDOM
| #define HAVE_ZLIB_H 1
| #define HAVE_GETOPT_H 1
| #define HAVE_STDIO_H 1
| #define HAVE_STRINGS_H 1
| #define HAVE_STRING_H 1
| #define HAVE_UNISTD_H 1
| #define HAVE_STDINT_H 1
| #define HAVE_INTTYPES_H 1
| #define HAVE_SYS_TIME_H 1
| #define HAVE_SYS_UTSNAME_H 1
| #define HAVE_SYS_SOCKET_H 1
| #define HAVE_SYS_WAIT_H 1
| #define HAVE_DIRENT_H 1
| /* end confdefs.h.  */
| #include <stdio.h>
| #if HAVE_SYS_TYPES_H
| # include <sys/types.h>
| #endif
| #if HAVE_SYS_STAT_H
| # include <sys/stat.h>
| #endif
| #if STDC_HEADERS
| # include <stdlib.h>
| # include <stddef.h>
| #else
| # if HAVE_STDLIB_H
| #  include <stdlib.h>
| # endif
| #endif
| #if HAVE_STRING_H
| # if !STDC_HEADERS && HAVE_MEMORY_H
| #  include <memory.h>
| # endif
| # include <string.h>
| #endif
| #if HAVE_STRINGS_H
| # include <strings.h>
| #endif
| #if HAVE_INTTYPES_H
| # include <inttypes.h>
| #else
| # if HAVE_STDINT_H
| #  include <stdint.h>
| # endif
| #endif
| #if HAVE_UNISTD_H
| # include <unistd.h>
| #endif
| #include <mcrypt.h>
configure:6229: result: no
configure:6233: checking mcrypt.h presence
configure:6243: gcc -E  conftest.c
conftest.c:42:10: fatal error: mcrypt.h: No such file or directory
   42 | #include <mcrypt.h>
      |          ^~~~~~~~~~
compilation terminated.
configure:6249: $? = 1
configure: failed program was:
| /* confdefs.h.  */
| 
| #define PACKAGE_NAME ""
| #define PACKAGE_TARNAME ""
| #define PACKAGE_VERSION ""
| #define PACKAGE_STRING ""
| #define PACKAGE_BUGREPORT ""
| #define HAVE_FSEEKO 1
| #define STDC_HEADERS 1
| #define HAVE_SYS_TYPES_H 1
| #define HAVE_SYS_STAT_H 1
| #define HAVE_STDLIB_H 1
| #define HAVE_STRING_H 1
| #define HAVE_MEMORY_H 1
| #define HAVE_STRINGS_H 1
| #define HAVE_INTTYPES_H 1
| #define HAVE_STDINT_H 1
| #define HAVE_UNISTD_H 1
| #define HAVE_DLOPEN 1
| #define HAVE_LIBZ
| #define CHECK_VERSION
| #define HAVE_SOCKET
| #define HAVE_GETHOSTBYNAME
| #define HAVE_INET_ATON
| #define HAVE_DLOPEN 1
| #define USE_MODULES 1
| #define HAVE_DEV_URANDOM
| #define HAVE_ZLIB_H 1
| #define HAVE_GETOPT_H 1
| #define HAVE_STDIO_H 1
| #define HAVE_STRINGS_H 1
| #define HAVE_STRING_H 1
| #define HAVE_UNISTD_H 1
| #define HAVE_STDINT_H 1
| #define HAVE_INTTYPES_H 1
| #define HAVE_SYS_TIME_H 1
| #define HAVE_SYS_UTSNAME_H 1
| #define HAVE_SYS_SOCKET_H 1
| #define HAVE_SYS_WAIT_H 1
| #define HAVE_DIRENT_H 1
| /* end confdefs.h.  */
| #include <mcrypt.h>
configure:6269: result: no
configure:6304: checking for mcrypt.h
configure:6311: result: no
configure:6188: checking dlfcn.h usability
configure:6200: gcc -c -g -O2 -Wall  conftest.c >&5
configure:6206: $? = 0
configure:6210: test -z 
			 || test ! -s conftest.err
configure:6213: $? = 0
configure:6216: test -s conftest.o
configure:6219: $? = 0
configure:6229: result: yes
configure:6233: checking dlfcn.h presence
configure:6243: gcc -E  conftest.c
configure:6249: $? = 0
configure:6269: result: yes
configure:6304: checking for dlfcn.h
configure:6311: result: yes
configure:6188: checking stdarg.h usability
configure:6200: gcc -c -g -O2 -Wall  conftest.c >&5
configure:6206: $? = 0
configure:6210: test -z 
			 || test ! -s conftest.err
configure:6213: $? = 0
configure:6216: test -s conftest.o
configure:6219: $? = 0
configure:6229: result: yes
configure:6233: checking stdarg.h presence
configure:6243: gcc -E  conftest.c
configure:6249: $? = 0
configure:6269: result: yes
configure:6304: checking for stdarg.h
configure:6311: result: yes
configure:6188: checking netinet/in.h usability
configure:6200: gcc -c -g -O2 -Wall  conftest.c >&5
configure:6206: $? = 0
configure:6210: test -z 
			 || test ! -s conftest.err
configure:6213: $? = 0
configure:6216: test -s conftest.o
configure:6219: $? = 0
configure:6229: result: yes
configure:6233: checking netinet/in.h presence
configure:6243: gcc -E  conftest.c
configure:6249: $? = 0
configure:6269: result: yes
configure:6304: checking for netinet/in.h
configure:6311: result: yes
configure:6188: checking arpa/inet.h usability
configure:6200: gcc -c -g -O2 -Wall  conftest.c >&5
configure:6206: $? = 0
configure:6210: test -z 
			 || test ! -s conftest.err
configure:6213: $? = 0
configure:6216: test -s conftest.o
configure:6219: $? = 0
configure:6229: result: yes
configure:6233: checking arpa/inet.h presence
configure:6243: gcc -E  conftest.c
configure:6249: $? = 0
configure:6269: result: yes
configure:6304: checking for arpa/inet.h
configure:6311: result: yes
configure:6188: checking netdb.h usability
configure:6200: gcc -c -g -O2 -Wall  conftest.c >&5
configure:6206: $? = 0
configure:6210: test -z 
			 || test ! -s conftest.err
configure:6213: $? = 0
configure:6216: test -s conftest.o
configure:6219: $? = 0
configure:6229: result: yes
configure:6233: checking netdb.h presence
configure:6243: gcc -E  conftest.c
configure:6249: $? = 0
configure:6269: result: yes
configure:6304: checking for netdb.h
configure:6311: result: yes
configure:6188: checking errno.h usability
configure:6200: gcc -c -g -O2 -Wall  conftest.c >&5
configure:6206: $? = 0
configure:6210: test -z 
			 || test ! -s conftest.err
configure:6213: $? = 0
configure:6216: test -s conftest.o
configure:6219: $? = 0
configure:6229: result: yes
configure:6233: checking errno.h presence
configure:6243: gcc -E  conftest.c
configure:6249: $? = 0
configure:6269: result: yes
configure:6304: checking for errno.h
configure:6311: result: yes
configure:6324: checking whether time.h and sys/time.h may both be included
configure:6349: gcc -c -g -O2 -Wall  conftest.c >&5
configure:6355: $? = 0
configure:6359: test -z 
			 || test ! -s conftest.err
configure:6362: $? = 0
configure:6365: test -s conftest.o
configure:6368: $? = 0
configure:6379: result: yes
configure:6390: checking for uint
configure:6414: gcc -c -g -O2 -Wall  conftest.c >&5
configure:6420: $? = 0
configure:6424: test -z 
			 || test ! -s conftest.err
configure:6427: $? = 0
configure:6430: test -s conftest.o
configure:6433: $? = 0
configure:6444: result: yes
configure:6458: checking for inline
configure:6479: gcc -c -g -O2 -Wall  conftest.c >&5
configure:6485: $? = 0
configure:6489: test -z 
			 || test ! -s conftest.err
configure:6492: $? = 0
configure:6495: test -s conftest.o
configure:6498: $? = 0
configure:6510: result: inline
configure:6529: checking for long long
configure:6553: gcc -c -g -O2 -Wall  conftest.c >&5
configure:6559: $? = 0
configure:6563: test -z 
			 || test ! -s conftest.err
configure:6566: $? = 0
configure:6569: test -s conftest.o
configure:6572: $? = 0
configure:6583: result: yes
configure:6586: checking size of long long
configure:6905: gcc -o conftest -g -O2 -Wall   conftest.c  >&5
configure:6908: $? = 0
configure:6910: ./conftest
configure:6913: $? = 0
configure:6936: result: 8
configure:6943: checking for long
configure:6967: gcc -c -g -O2 -Wall  conftest.c >&5
configure:6973: $? = 0
configure:6977: test -z 
			 || test ! -s conftest.err
configure:6980: $? = 0
configure:6983: test -s conftest.o
configure:6986: $? = 0
configure:6997: result: yes
configure:7000: checking size of long
configure:7319: gcc -o conftest -g -O2 -Wall   conftest.c  >&5
configure:7322: $? = 0
configure:7324: ./conftest
configure:7327: $? = 0
configure:7350: result: 8
configure:7357: checking for int
configure:7381: gcc -c -g -O2 -Wall  conftest.c >&5
configure:7387: $? = 0
configure:7391: test -z 
			 || test ! -s conftest.err
configure:7394: $? = 0
configure:7397: test -s conftest.o
configure:7400: $? = 0
configure:7411: result: yes
configure:7414: checking size of int
configure:7733: gcc -o conftest -g -O2 -Wall   conftest.c  >&5
configure:7736: $? = 0
configure:7738: ./conftest
configure:7741: $? = 0
configure:7764: result: 4
configure:7771: checking for short
configure:7795: gcc -c -g -O2 -Wall  conftest.c >&5
configure:7801: $? = 0
configure:7805: test -z 
			 || test ! -s conftest.err
configure:7808: $? = 0
configure:7811: test -s conftest.o
configure:7814: $? = 0
configure:7825: result: yes
configure:7828: checking size of short
configure:8147: gcc -o conftest -g -O2 -Wall   conftest.c  >&5
configure:8150: $? = 0
configure:8152: ./conftest
configure:8155: $? = 0
configure:8178: result: 2
configure:10058: checking for uint64_t
configure:10082: gcc -c -g -O2 -Wall  conftest.c >&5
configure:10088: $? = 0
configure:10092: test -z 
			 || test ! -s conftest.err
configure:10095: $? = 0
configure:10098: test -s conftest.o
configure:10101: $? = 0
configure:10112: result: yes
configure:12070: checking for int64_t
configure:12094: gcc -c -g -O2 -Wall  conftest.c >&5
configure:12100: $? = 0
configure:12104: test -z 
			 || test ! -s conftest.err
configure:12107: $? = 0
configure:12110: test -s conftest.o
configure:12113: $? = 0
configure:12124: result: yes
configure:13946: checking for uint32_t
configure:13970: gcc -c -g -O2 -Wall  conftest.c >&5
configure:13976: $? = 0
configure:13980: test -z 
			 || test ! -s conftest.err
configure:13983: $? = 0
configure:13986: test -s conftest.o
configure:13989: $? = 0
configure:14000: result: yes
configure:15958: checking for int32_t
configure:15982: gcc -c -g -O2 -Wall  conftest.c >&5
configure:15988: $? = 0
configure:15992: test -z 
			 || test ! -s conftest.err
configure:15995: $? = 0
configure:15998: test -s conftest.o
configure:16001: $? = 0
configure:16012: result: yes
configure:18174: checking for uint16_t
configure:18198: gcc -c -g -O2 -Wall  conftest.c >&5
configure:18204: $? = 0
configure:18208: test -z 
			 || test ! -s conftest.err
configure:18211: $? = 0
configure:18214: test -s conftest.o
configure:18217: $? = 0
configure:18228: result: yes
configure:20186: checking for int16_t
configure:20210: gcc -c -g -O2 -Wall  conftest.c >&5
configure:20216: $? = 0
configure:20220: test -z 
			 || test ! -s conftest.err
configure:20223: $? = 0
configure:20226: test -s conftest.o
configure:20229: $? = 0
configure:20240: result: yes
configure:20259: checking for compress2 in -lz
configure:20289: gcc -o conftest -g -O2 -Wall   conftest.c -lz   >&5
configure:20295: $? = 0
configure:20299: test -z 
			 || test ! -s conftest.err
configure:20302: $? = 0
configure:20305: test -s conftest
configure:20308: $? = 0
configure:20321: result: yes
configure:20331: checking for gzdopen in -lz
configure:20361: gcc -o conftest -g -O2 -Wall   conftest.c -lz   >&5
configure:20367: $? = 0
configure:20371: test -z 
			 || test ! -s conftest.err
configure:20374: $? = 0
configure:20377: test -s conftest
configure:20380: $? = 0
configure:20393: result: yes
configure:20403: checking for bzBuffToBuffCompress in -lbz2
configure:20433: gcc -o conftest -g -O2 -Wall   conftest.c -lbz2   >&5
/usr/bin/ld: cannot find -lbz2: No such file or directory
collect2: error: ld returned 1 exit status
configure:20439: $? = 1
configure: failed program was:
| /* confdefs.h.  */
| 
| #define PACKAGE_NAME ""
| #define PACKAGE_TARNAME ""
| #define PACKAGE_VERSION ""
| #define PACKAGE_STRING ""
| #define PACKAGE_BUGREPORT ""
| #define HAVE_FSEEKO 1
| #define STDC_HEADERS 1
| #define HAVE_SYS_TYPES_H 1
| #define HAVE_SYS_STAT_H 1
| #define HAVE_STDLIB_H 1
| #define HAVE_STRING_H 1
| #define HAVE_MEMORY_H 1
| #define HAVE_STRINGS_H 1
| #define HAVE_INTTYPES_H 1
| #define HAVE_STDINT_H 1
| #define HAVE_UNISTD_H 1
| #define HAVE_DLOPEN 1
| #define HAVE_LIBZ
| #define CHECK_VERSION
| #define HAVE_SOCKET
| #define HAVE_GETHOSTBYNAME
| #define HAVE_INET_ATON
| #define HAVE_DLOPEN 1
| #define USE_MODULES 1
| #define HAVE_DEV_URANDOM
| #define HAVE_ZLIB_H 1
| #define HAVE_GETOPT_H 1
| #define HAVE_STDIO_H 1
| #define HAVE_STRINGS_H 1
| #define HAVE_STRING_H 1
| #define HAVE_UNISTD_H 1
| #define HAVE_STDINT_H 1
| #define HAVE_INTTYPES_H 1
| #define HAVE_SYS_TIME_H 1
| #define HAVE_SYS_UTSNAME_H 1
| #define HAVE_SYS_SOCKET_H 1
| #define HAVE_SYS_WAIT_H 1
| #define HAVE_DIRENT_H 1
| #define HAVE_DLFCN_H 1
| #define HAVE_STDARG_H 1
| #define HAVE_NETINET_IN_H 1
| #define HAVE_ARPA_INET_H 1
| #define HAVE_NETDB_H 1
| #define HAVE_ERRNO_H 1
| #define TIME_WITH_SYS_TIME 1
| #define SIZEOF_LONG_LONG 8
| #define SIZEOF_LONG 8
| #define SIZEOF_INT 4
| #define SIZEOF_SHORT 2
| #define HAVE_COMPRESS2
| #define HAVE_GZDOPEN
| /* end confdefs.h.  */
| 
| /* Override any gcc2 internal prototype to avoid an error.  */
| #ifdef __cplusplus
| extern "C"
| #endif
| /* We use char because int might match the return type of a gcc2
|    builtin and then its argument prototype would still apply.  */
| char bzBuffToBuffCompress ();
| int
| main ()
| {
| bzBuffToBuffCompress ();
|   ;
|   return 0;
| }
configure:20465: result: no
configure:20475: checking for BZ2_bzBuffToBuffCompress in -lbz2
configure:20505: gcc -o conftest -g -O2 -Wall   conftest.c -lbz2   >&5
/usr/bin/ld: cannot find -lbz2: No such file or directory
collect2: error: ld returned 1 exit status
configure:20511: $? = 1
configure: failed program was:
| /* confdefs.h.  */
| 
| #define PACKAGE_NAME ""
| #define PACKAGE_TARNAME ""
| #define PACKAGE_VERSION ""
| #define PACKAGE_STRING ""
| #define PACKAGE_BUGREPORT ""
| #define HAVE_FSEEKO 1
| #define STDC_HEADERS 1
| #define HAVE_SYS_TYPES_H 1
| #define HAVE_SYS_STAT_H 1
| #define HAVE_STDLIB_H 1
| #define HAVE_STRING_H 1
| #define HAVE_MEMORY_H 1
| #define HAVE_STRINGS_H 1
| #define HAVE_INTTYPES_H 1
| #define HAVE_STDINT_H 1
| #define HAVE_UNISTD_H 1
| #define HAVE_DLOPEN 1
| #define HAVE_LIBZ
| #define CHECK_VERSION
| #define HAVE_SOCKET
| #define HAVE_GETHOSTBYNAME
| #define HAVE_INET_ATON
| #define HAVE_DLOPEN 1
| #define USE_MODULES 1
| #define HAVE_DEV_URANDOM
| #define HAVE_ZLIB_H 1
| #define HAVE_GETOPT_H 1
| #define HAVE_STDIO_H 1
| #define HAVE_STRINGS_H 1
| #define HAVE_STRING_H 1
| #define HAVE_UNISTD_H 1
| #define HAVE_STDINT_H 1
| #define HAVE_INTTYPES_H 1
| #define HAVE_SYS_TIME_H 1
| #define HAVE_SYS_UTSNAME_H 1
| #define HAVE_SYS_SOCKET_H 1
| #define HAVE_SYS_WAIT_H 1
| #define HAVE_DIRENT_H 1
| #define HAVE_DLFCN_H 1
| #define HAVE_STDARG_H 1
| #define HAVE_NETINET_IN_H 1
| #define HAVE_ARPA_INET_H 1
| #define HAVE_NETDB_H 1
| #define HAVE_ERRNO_H 1
| #define TIME_WITH_SYS_TIME 1
| #define SIZEOF_LONG_LONG 8
| #define SIZEOF_LONG 8
| #define SIZEOF_INT 4
| #define SIZEOF_SHORT 2
| #define HAVE_COMPRESS2
| #define HAVE_GZDOPEN
| /* end confdefs.h.  */
| 
| /* Override any gcc2 internal prototype to avoid an error.  */
| #ifdef __cplusplus
| extern "C"
| #endif
| /* We use char because int might match the return type of a gcc2
|    builtin and then its argument prototype would still apply.  */
| char BZ2_bzBuffToBuffCompress ();
| int
| main ()
| {
| BZ2_bzBuffToBuffCompress ();
|   ;
|   return 0;
| }
configure:20537: result: no
configure:20547: checking for bzdopen in -lbz2
configure:20577: gcc -o conftest -g -O2 -Wall   conftest.c -lbz2   >&5
/usr/bin/ld: cannot find -lbz2: No such file or directory
collect2: error: ld returned 1 exit status
configure:20583: $? = 1
configure: failed program was:
| /* confdefs.h.  */
| 
| #define PACKAGE_NAME ""
| #define PACKAGE_TARNAME ""
| #define PACKAGE_VERSION ""
| #define PACKAGE_STRING ""
| #define PACKAGE_BUGREPORT ""
| #define HAVE_FSEEKO 1
| #define STDC_HEADERS 1
| #define HAVE_SYS_TYPES_H 1
| #define HAVE_SYS_STAT_H 1
| #define HAVE_STDLIB_H 1
| #define HAVE_STRING_H 1
| #define HAVE_MEMORY_H 1
| #define HAVE_STRINGS_H 1
| #define HAVE_INTTYPES_H 1
| #define HAVE_STDINT_H 1
| #define HAVE_UNISTD_H 1
| #define HAVE_DLOPEN 1
| #define HAVE_LIBZ
| #define CHECK_VERSION
| #define HAVE_SOCKET
| #define HAVE_GETHOSTBYNAME
| #define HAVE_INET_ATON
| #define HAVE_DLOPEN 1
| #define USE_MODULES 1
| #define HAVE_DEV_URANDOM
| #define HAVE_ZLIB_H 1
| #define HAVE_GETOPT_H 1
| #define HAVE_STDIO_H 1
| #define HAVE_STRINGS_H 1
| #define HAVE_STRING_H 1
| #define HAVE_UNISTD_H 1
| #define HAVE_STDINT_H 1
| #define HAVE_INTTYPES_H 1
| #define HAVE_SYS_TIME_H 1
| #define HAVE_SYS_UTSNAME_H 1
| #define HAVE_SYS_SOCKET_H 1
| #define HAVE_SYS_WAIT_H 1
| #define HAVE_DIRENT_H 1
| #define HAVE_DLFCN_H 1
| #define HAVE_STDARG_H 1
| #define HAVE_NETINET_IN_H 1
| #define HAVE_ARPA_INET_H 1
| #define HAVE_NETDB_H 1
| #define HAVE_ERRNO_H 1
| #define TIME_WITH_SYS_TIME 1
| #define SIZEOF_LONG_LONG 8
| #define SIZEOF_LONG 8
| #define SIZEOF_INT 4
| #define SIZEOF_SHORT 2
| #define HAVE_COMPRESS2
| #define HAVE_GZDOPEN
| /* end confdefs.h.  */
| 
| /* Override any gcc2 internal prototype to avoid an error.  */
| #ifdef __cplusplus
| extern "C"
| #endif
| /* We use char because int might match the return type of a gcc2
|    builtin and then its argument prototype would still apply.  */
| char bzdopen ();
| int
| main ()
| {
| bzdopen ();
|   ;
|   return 0;
| }
configure:20609: result: no
configure:20619: checking for BZ2_bzdopen in -lbz2
configure:20649: gcc -o conftest -g -O2 -Wall   conftest.c -lbz2   >&5
/usr/bin/ld: cannot find -lbz2: No such file or directory
collect2: error: ld returned 1 exit status
configure:20655: $? = 1
configure: failed program was:
| /* confdefs.h.  */
| 
| #define PACKAGE_NAME ""
| #define PACKAGE_TARNAME ""
| #define PACKAGE_VERSION ""
| #define PACKAGE_STRING ""
| #define PACKAGE_BUGREPORT ""
| #define HAVE_FSEEKO 1
| #define STDC_HEADERS 1
| #define HAVE_SYS_TYPES_H 1
| #define HAVE_SYS_STAT_H 1
| #define HAVE_STDLIB_H 1
| #define HAVE_STRING_H 1
| #define HAVE_MEMORY_H 1
| #define HAVE_STRINGS_H 1
| #define HAVE_INTTYPES_H 1
| #define HAVE_STDINT_H 1
| #define HAVE_UNISTD_H 1
| #define HAVE_DLOPEN 1
| #define HAVE_LIBZ
| #define CHECK_VERSION
| #define HAVE_SOCKET
| #define HAVE_GETHOSTBYNAME
| #define HAVE_INET_ATON
| #define HAVE_DLOPEN 1
| #define USE_MODULES 1
| #define HAVE_DEV_URANDOM
| #define HAVE_ZLIB_H 1
| #define HAVE_GETOPT_H 1
| #define HAVE_STDIO_H 1
| #define HAVE_STRINGS_H 1
| #define HAVE_STRING_H 1
| #define HAVE_UNISTD_H 1
| #define HAVE_STDINT_H 1
| #define HAVE_INTTYPES_H 1
| #define HAVE_SYS_TIME_H 1
| #define HAVE_SYS_UTSNAME_H 1
| #define HAVE_SYS_SOCKET_H 1
| #define HAVE_SYS_WAIT_H 1
| #define HAVE_DIRENT_H 1
| #define HAVE_DLFCN_H 1
| #define HAVE_STDARG_H 1
| #define HAVE_NETINET_IN_H 1
| #define HAVE_ARPA_INET_H 1
| #define HAVE_NETDB_H 1
| #define HAVE_ERRNO_H 1
| #define TIME_WITH_SYS_TIME 1
| #define SIZEOF_LONG_LONG 8
| #define SIZEOF_LONG 8
| #define SIZEOF_INT 4
| #define SIZEOF_SHORT 2
| #define HAVE_COMPRESS2
| #define HAVE_GZDOPEN
| /* end confdefs.h.  */
| 
| /* Override any gcc2 internal prototype to avoid an error.  */
| #ifdef __cplusplus
| extern "C"
| #endif
| /* We use char because int might match the return type of a gcc2
|    builtin and then its argument prototype would still apply.  */
| char BZ2_bzdopen ();
| int
| main ()
| {
| BZ2_bzdopen ();
|   ;
|   return 0;
| }
configure:20681: result: no
configure:20699: checking for getopt
configure:20756: gcc -o conftest -g -O2 -Wall   conftest.c  >&5
configure:20762: $? = 0
configure:20766: test -z 
			 || test ! -s conftest.err
configure:20769: $? = 0
configure:20772: test -s conftest
configure:20775: $? = 0
configure:20787: result: yes
configure:20699: checking for strsep
configure:20756: gcc -o conftest -g -O2 -Wall   conftest.c  >&5
configure:20762: $? = 0
configure:20766: test -z 
			 || test ! -s conftest.err
configure:20769: $? = 0
configure:20772: test -s conftest
configure:20775: $? = 0
configure:20787: result: yes
configure:20699: checking for getpass
configure:20756: gcc -o conftest -g -O2 -Wall   conftest.c  >&5
configure:20762: $? = 0
configure:20766: test -z 
			 || test ! -s conftest.err
configure:20769: $? = 0
configure:20772: test -s conftest
configure:20775: $? = 0
configure:20787: result: yes
configure:20699: checking for mkstemp
configure:20756: gcc -o conftest -g -O2 -Wall   conftest.c  >&5
configure:20762: $? = 0
configure:20766: test -z 
			 || test ! -s conftest.err
configure:20769: $? = 0
configure:20772: test -s conftest
configure:20775: $? = 0
configure:20787: result: yes
configure:20699: checking for uname
configure:20756: gcc -o conftest -g -O2 -Wall   conftest.c  >&5
configure:20762: $? = 0
configure:20766: test -z 
			 || test ! -s conftest.err
configure:20769: $? = 0
configure:20772: test -s conftest
configure:20775: $? = 0
configure:20787: result: yes
configure:20825: checking windows.h usability
configure:20837: gcc -c -g -O2 -Wall  conftest.c >&5
conftest.c:94:10: fatal error: windows.h: No such file or directory
   94 | #include <windows.h>
      |          ^~~~~~~~~~~
compilation terminated.
configure:20843: $? = 1
configure: failed program was:
| /* confdefs.h.  */
| 
| #define PACKAGE_NAME ""
| #define PACKAGE_TARNAME ""
| #define PACKAGE_VERSION ""
| #define PACKAGE_STRING ""
| #define PACKAGE_BUGREPORT ""
| #define HAVE_FSEEKO 1
| #define STDC_HEADERS 1
| #define HAVE_SYS_TYPES_H 1
| #define HAVE_SYS_STAT_H 1
| #define HAVE_STDLIB_H 1
| #define HAVE_STRING_H 1
| #define HAVE_MEMORY_H 1
| #define HAVE_STRINGS_H 1
| #define HAVE_INTTYPES_H 1
| #define HAVE_STDINT_H 1
| #define HAVE_UNISTD_H 1
| #define HAVE_DLOPEN 1
| #define HAVE_LIBZ
| #define CHECK_VERSION
| #define HAVE_SOCKET
| #define HAVE_GETHOSTBYNAME
| #define HAVE_INET_ATON
| #define HAVE_DLOPEN 1
| #define USE_MODULES 1
| #define HAVE_DEV_URANDOM
| #define HAVE_ZLIB_H 1
| #define HAVE_GETOPT_H 1
| #define HAVE_STDIO_H 1
| #define HAVE_STRINGS_H 1
| #define HAVE_STRING_H 1
| #define HAVE_UNISTD_H 1
| #define HAVE_STDINT_H 1
| #define HAVE_INTTYPES_H 1
| #define HAVE_SYS_TIME_H 1
| #define HAVE_SYS_UTSNAME_H 1
| #define HAVE_SYS_SOCKET_H 1
| #define HAVE_SYS_WAIT_H 1
| #define HAVE_DIRENT_H 1
| #define HAVE_DLFCN_H 1
| #define HAVE_STDARG_H 1
| #define HAVE_NETINET_IN_H 1
| #define HAVE_ARPA_INET_H 1
| #define HAVE_NETDB_H 1
| #define HAVE_ERRNO_H 1
| #define TIME_WITH_SYS_TIME 1
| #define SIZEOF_LONG_LONG 8
| #define SIZEOF_LONG 8
| #define SIZEOF_INT 4
| #define SIZEOF_SHORT 2
| #define HAVE_COMPRESS2
| #define HAVE_GZDOPEN
| #define HAVE_GETOPT 1
| #define HAVE_STRSEP 1
| #define HAVE_GETPASS 1
| #define HAVE_MKSTEMP 1
| #define HAVE_UNAME 1
| /* end confdefs.h.  */
| #include <stdio.h>
| #if HAVE_SYS_TYPES_H
| # include <sys/types.h>
| #endif
| #if HAVE_SYS_STAT_H
| # include <sys/stat.h>
| #endif
| #if STDC_HEADERS
| # include <stdlib.h>
| # include <stddef.h>
| #else
| # if HAVE_STDLIB_H
| #  include <stdlib.h>
| # endif
| #endif
| #if HAVE_STRING_H
| # if !STDC_HEADERS && HAVE_MEMORY_H
| #  include <memory.h>
| # endif
| # include <string.h>
| #endif
| #if HAVE_STRINGS_H
| # include <strings.h>
| #endif
| #if HAVE_INTTYPES_H
| # include <inttypes.h>
| #else
| # if HAVE_STDINT_H
| #  include <stdint.h>
| # endif
| #endif
| #if HAVE_UNISTD_H
| # include <unistd.h>
| #endif
| #include <windows.h>
configure:20866: result: no
configure:20870: checking windows.h presence
configure:20880: gcc -E  conftest.c
conftest.c:60:10: fatal error: windows.h: No such file or directory
   60 | #include <windows.h>
      |          ^~~~~~~~~~~
compilation terminated.
configure:20886: $? = 1
configure: failed program was:
| /* confdefs.h.  */
| 
| #define PACKAGE_NAME ""
| #define PACKAGE_TARNAME ""
| #define PACKAGE_VERSION ""
| #define PACKAGE_STRING ""
| #define PACKAGE_BUGREPORT ""
| #define HAVE_FSEEKO 1
| #define STDC_HEADERS 1
| #define HAVE_SYS_TYPES_H 1
| #define HAVE_SYS_STAT_H 1
| #define HAVE_STDLIB_H 1
| #define HAVE_STRING_H 1
| #define HAVE_MEMORY_H 1
| #define HAVE_STRINGS_H 1
| #define HAVE_INTTYPES_H 1
| #define HAVE_STDINT_H 1
| #define HAVE_UNISTD_H 1
| #define HAVE_DLOPEN 1
| #define HAVE_LIBZ
| #define CHECK_VERSION
| #define HAVE_SOCKET
| #define HAVE_GETHOSTBYNAME
| #define HAVE_INET_ATON
| #define HAVE_DLOPEN 1
| #define USE_MODULES 1
| #define HAVE_DEV_URANDOM
| #define HAVE_ZLIB_H 1
| #define HAVE_GETOPT_H 1
| #define HAVE_STDIO_H 1
| #define HAVE_STRINGS_H 1
| #define HAVE_STRING_H 1
| #define HAVE_UNISTD_H 1
| #define HAVE_STDINT_H 1
| #define HAVE_INTTYPES_H 1
| #define HAVE_SYS_TIME_H 1
| #define HAVE_SYS_UTSNAME_H 1
| #define HAVE_SYS_SOCKET_H 1
| #define HAVE_SYS_WAIT_H 1
| #define HAVE_DIRENT_H 1
| #define HAVE_DLFCN_H 1
| #define HAVE_STDARG_H 1
| #define HAVE_NETINET_IN_H 1
| #define HAVE_ARPA_INET_H 1
| #define HAVE_NETDB_H 1
| #define HAVE_ERRNO_H 1
| #define TIME_WITH_SYS_TIME 1
| #define SIZEOF_LONG_LONG 8
| #define SIZEOF_LONG 8
| #define SIZEOF_INT 4
| #define SIZEOF_SHORT 2
| #define HAVE_COMPRESS2
| #define HAVE_GZDOPEN
| #define HAVE_GETOPT 1
| #define HAVE_STRSEP 1
| #define HAVE_GETPASS 1
| #define HAVE_MKSTEMP 1
| #define HAVE_UNAME 1
| /* end confdefs.h.  */
| #include <windows.h>
configure:20906: result: no
configure:20941: checking for windows.h
configure:20948: result: no
configure:20825: checking windowsx.h usability
configure:20837: gcc -c -g -O2 -Wall  conftest.c >&5
conftest.c:94:10: fatal error: windowsx.h: No such file or directory
   94 | #include <windowsx.h>
      |          ^~~~~~~~~~~~
compilation terminated.
configure:20843: $? = 1
configure: failed program was:
| /* confdefs.h.  */
| 
| #define PACKAGE_NAME ""
| #define PACKAGE_TARNAME ""
| #define PACKAGE_VERSION ""
| #define PACKAGE_STRING ""
| #define PACKAGE_BUGREPORT ""
| #define HAVE_FSEEKO 1
| #define STDC_HEADERS 1
| #define HAVE_SYS_TYPES_H 1
| #define HAVE_SYS_STAT_H 1
| #define HAVE_STDLIB_H 1
| #define HAVE_STRING_H 1
| #define HAVE_MEMORY_H 1
| #define HAVE_STRINGS_H 1
| #define HAVE_INTTYPES_H 1
| #define HAVE_STDINT_H 1
| #define HAVE_UNISTD_H 1
| #define HAVE_DLOPEN 1
| #define HAVE_LIBZ
| #define CHECK_VERSION
| #define HAVE_SOCKET
| #define HAVE_GETHOSTBYNAME
| #define HAVE_INET_ATON
| #define HAVE_DLOPEN 1
| #define USE_MODULES 1
| #define HAVE_DEV_URANDOM
| #define HAVE_ZLIB_H 1
| #define HAVE_GETOPT_H 1
| #define HAVE_STDIO_H 1
| #define HAVE_STRINGS_H 1
| #define HAVE_STRING_H 1
| #define HAVE_UNISTD_H 1
| #define HAVE_STDINT_H 1
| #define HAVE_INTTYPES_H 1
| #define HAVE_SYS_TIME_H 1
| #define HAVE_SYS_UTSNAME_H 1
| #define HAVE_SYS_SOCKET_H 1
| #define HAVE_SYS_WAIT_H 1
| #define HAVE_DIRENT_H 1
| #define HAVE_DLFCN_H 1
| #define HAVE_STDARG_H 1
| #define HAVE_NETINET_IN_H 1
| #define HAVE_ARPA_INET_H 1
| #define HAVE_NETDB_H 1
| #define HAVE_ERRNO_H 1
| #define TIME_WITH_SYS_TIME 1
| #define SIZEOF_LONG_LONG 8
| #define SIZEOF_LONG 8
| #define SIZEOF_INT 4
| #define SIZEOF_SHORT 2
| #define HAVE_COMPRESS2
| #define HAVE_GZDOPEN
| #define HAVE_GETOPT 1
| #define HAVE_STRSEP 1
| #define HAVE_GETPASS 1
| #define HAVE_MKSTEMP 1
| #define HAVE_UNAME 1
| /* end confdefs.h.  */
| #include <stdio.h>
| #if HAVE_SYS_TYPES_H
| # include <sys/types.h>
| #endif
| #if HAVE_SYS_STAT_H
| # include <sys/stat.h>
| #endif
| #if STDC_HEADERS
| # include <stdlib.h>
| # include <stddef.h>
| #else
| # if HAVE_STDLIB_H
| #  include <stdlib.h>
| # endif
| #endif
| #if HAVE_STRING_H
| # if !STDC_HEADERS && HAVE_MEMORY_H
| #  include <memory.h>
| # endif
| # include <string.h>
| #endif
| #if HAVE_STRINGS_H
| # include <strings.h>
| #endif
| #if HAVE_INTTYPES_H
| # include <inttypes.h>
| #else
| # if HAVE_STDINT_H
| #  include <stdint.h>
| # endif
| #endif
| #if HAVE_UNISTD_H
| # include <unistd.h>
| #endif
| #include <windowsx.h>
configure:20866: result: no
configure:20870: checking windowsx.h presence
configure:20880: gcc -E  conftest.c
conftest.c:60:10: fatal error: windowsx.h: No such file or directory
   60 | #include <windowsx.h>
      |          ^~~~~~~~~~~~
compilation terminated.
configure:20886: $? = 1
configure: failed program was:
| /* confdefs.h.  */
| 
| #define PACKAGE_NAME ""
| #define PACKAGE_TARNAME ""
| #define PACKAGE_VERSION ""
| #define PACKAGE_STRING ""
| #define PACKAGE_BUGREPORT ""
| #define HAVE_FSEEKO 1
| #define STDC_HEADERS 1
| #define HAVE_SYS_TYPES_H 1
| #define HAVE_SYS_STAT_H 1
| #define HAVE_STDLIB_H 1
| #define HAVE_STRING_H 1
| #define HAVE_MEMORY_H 1
| #define HAVE_STRINGS_H 1
| #define HAVE_INTTYPES_H 1
| #define HAVE_STDINT_H 1
| #define HAVE_UNISTD_H 1
| #define HAVE_DLOPEN 1
| #define HAVE_LIBZ
| #define CHECK_VERSION
| #define HAVE_SOCKET
| #define HAVE_GETHOSTBYNAME
| #define HAVE_INET_ATON
| #define HAVE_DLOPEN 1
| #define USE_MODULES 1
| #define HAVE_DEV_URANDOM
| #define HAVE_ZLIB_H 1
| #define HAVE_GETOPT_H 1
| #define HAVE_STDIO_H 1
| #define HAVE_STRINGS_H 1
| #define HAVE_STRING_H 1
| #define HAVE_UNISTD_H 1
| #define HAVE_STDINT_H 1
| #define HAVE_INTTYPES_H 1
| #define HAVE_SYS_TIME_H 1
| #define HAVE_SYS_UTSNAME_H 1
| #define HAVE_SYS_SOCKET_H 1
| #define HAVE_SYS_WAIT_H 1
| #define HAVE_DIRENT_H 1
| #define HAVE_DLFCN_H 1
| #define HAVE_STDARG_H 1
| #define HAVE_NETINET_IN_H 1
| #define HAVE_ARPA_INET_H 1
| #define HAVE_NETDB_H 1
| #define HAVE_ERRNO_H 1
| #define TIME_WITH_SYS_TIME 1
| #define SIZEOF_LONG_LONG 8
| #define SIZEOF_LONG 8
| #define SIZEOF_INT 4
| #define SIZEOF_SHORT 2
| #define HAVE_COMPRESS2
| #define HAVE_GZDOPEN
| #define HAVE_GETOPT 1
| #define HAVE_STRSEP 1
| #define HAVE_GETPASS 1
| #define HAVE_MKSTEMP 1
| #define HAVE_UNAME 1
| /* end confdefs.h.  */
| #include <windowsx.h>
configure:20906: result: no
configure:20941: checking for windowsx.h
configure:20948: result: no
configure:20825: checking winsock2.h usability
configure:20837: gcc -c -g -O2 -Wall  conftest.c >&5
conftest.c:94:10: fatal error: winsock2.h: No such file or directory
   94 | #include <winsock2.h>
      |          ^~~~~~~~~~~~
compilation terminated.
configure:20843: $? = 1
configure: failed program was:
| /* confdefs.h.  */
| 
| #define PACKAGE_NAME ""
| #define PACKAGE_TARNAME ""
| #define PACKAGE_VERSION ""
| #define PACKAGE_STRING ""
| #define PACKAGE_BUGREPORT ""
| #define HAVE_FSEEKO 1
| #define STDC_HEADERS 1
| #define HAVE_SYS_TYPES_H 1
| #define HAVE_SYS_STAT_H 1
| #define HAVE_STDLIB_H 1
| #define HAVE_STRING_H 1
| #define HAVE_MEMORY_H 1
| #define HAVE_STRINGS_H 1
| #define HAVE_INTTYPES_H 1
| #define HAVE_STDINT_H 1
| #define HAVE_UNISTD_H 1
| #define HAVE_DLOPEN 1
| #define HAVE_LIBZ
| #define CHECK_VERSION
| #define HAVE_SOCKET
| #define HAVE_GETHOSTBYNAME
| #define HAVE_INET_ATON
| #define HAVE_DLOPEN 1
| #define USE_MODULES 1
| #define HAVE_DEV_URANDOM
| #define HAVE_ZLIB_H 1
| #define HAVE_GETOPT_H 1
| #define HAVE_STDIO_H 1
| #define HAVE_STRINGS_H 1
| #define HAVE_STRING_H 1
| #define HAVE_UNISTD_H 1
| #define HAVE_STDINT_H 1
| #define HAVE_INTTYPES_H 1
| #define HAVE_SYS_TIME_H 1
| #define HAVE_SYS_UTSNAME_H 1
| #define HAVE_SYS_SOCKET_H 1
| #define HAVE_SYS_WAIT_H 1
| #define HAVE_DIRENT_H 1
| #define HAVE_DLFCN_H 1
| #define HAVE_STDARG_H 1
| #define HAVE_NETINET_IN_H 1
| #define HAVE_ARPA_INET_H 1
| #define HAVE_NETDB_H 1
| #define HAVE_ERRNO_H 1
| #define TIME_WITH_SYS_TIME 1
| #define SIZEOF_LONG_LONG 8
| #define SIZEOF_LONG 8
| #define SIZEOF_INT 4
| #define SIZEOF_SHORT 2
| #define HAVE_COMPRESS2
| #define HAVE_GZDOPEN
| #define HAVE_GETOPT 1
| #define HAVE_STRSEP 1
| #define HAVE_GETPASS 1
| #define HAVE_MKSTEMP 1
| #define HAVE_UNAME 1
| /* end confdefs.h.  */
| #include <stdio.h>
| #if HAVE_SYS_TYPES_H
| # include <sys/types.h>
| #endif
| #if HAVE_SYS_STAT_H
| # include <sys/stat.h>
| #endif
| #if STDC_HEADERS
| # include <stdlib.h>
| # include <stddef.h>
| #else
| # if HAVE_STDLIB_H
| #  include <stdlib.h>
| # endif
| #endif
| #if HAVE_STRING_H
| # if !STDC_HEADERS && HAVE_MEMORY_H
| #  include <memory.h>
| # endif
| # include <string.h>
| #endif
| #if HAVE_STRINGS_H
| # include <strings.h>
| #endif
| #if HAVE_INTTYPES_H
| # include <inttypes.h>
| #else
| # if HAVE_STDINT_H
| #  include <stdint.h>
| # endif
| #endif
| #if HAVE_UNISTD_H
| # include <unistd.h>
| #endif
| #include <winsock2.h>
configure:20866: result: no
configure:20870: checking winsock2.h presence
configure:20880: gcc -E  conftest.c
conftest.c:60:10: fatal error: winsock2.h: No such file or directory
   60 | #include <winsock2.h>
      |          ^~~~~~~~~~~~
compilation terminated.
configure:20886: $? = 1
configure: failed program was:
| /* confdefs.h.  */
| 
| #define PACKAGE_NAME ""
| #define PACKAGE_TARNAME ""
| #define PACKAGE_VERSION ""
| #define PACKAGE_STRING ""
| #define PACKAGE_BUGREPORT ""
| #define HAVE_FSEEKO 1
| #define STDC_HEADERS 1
| #define HAVE_SYS_TYPES_H 1
| #define HAVE_SYS_STAT_H 1
| #define HAVE_STDLIB_H 1
| #define HAVE_STRING_H 1
| #define HAVE_MEMORY_H 1
| #define HAVE_STRINGS_H 1
| #define HAVE_INTTYPES_H 1
| #define HAVE_STDINT_H 1
| #define HAVE_UNISTD_H 1
| #define HAVE_DLOPEN 1
| #define HAVE_LIBZ
| #define CHECK_VERSION
| #define HAVE_SOCKET
| #define HAVE_GETHOSTBYNAME
| #define HAVE_INET_ATON
| #define HAVE_DLOPEN 1
| #define USE_MODULES 1
| #define HAVE_DEV_URANDOM
| #define HAVE_ZLIB_H 1
| #define HAVE_GETOPT_H 1
| #define HAVE_STDIO_H 1
| #define HAVE_STRINGS_H 1
| #define HAVE_STRING_H 1
| #define HAVE_UNISTD_H 1
| #define HAVE_STDINT_H 1
| #define HAVE_INTTYPES_H 1
| #define HAVE_SYS_TIME_H 1
| #define HAVE_SYS_UTSNAME_H 1
| #define HAVE_SYS_SOCKET_H 1
| #define HAVE_SYS_WAIT_H 1
| #define HAVE_DIRENT_H 1
| #define HAVE_DLFCN_H 1
| #define HAVE_STDARG_H 1
| #define HAVE_NETINET_IN_H 1
| #define HAVE_ARPA_INET_H 1
| #define HAVE_NETDB_H 1
| #define HAVE_ERRNO_H 1
| #define TIME_WITH_SYS_TIME 1
| #define SIZEOF_LONG_LONG 8
| #define SIZEOF_LONG 8
| #define SIZEOF_INT 4
| #define SIZEOF_SHORT 2
| #define HAVE_COMPRESS2
| #define HAVE_GZDOPEN
| #define HAVE_GETOPT 1
| #define HAVE_STRSEP 1
| #define HAVE_GETPASS 1
| #define HAVE_MKSTEMP 1
| #define HAVE_UNAME 1
| /* end confdefs.h.  */
| #include <winsock2.h>
configure:20906: result: no
configure:20941: checking for winsock2.h
configure:20948: result: no
configure:20961: checking for main in -lwsock32
configure:20985: gcc -o conftest -g -O2 -Wall   conftest.c -lwsock32   >&5
/usr/bin/ld: cannot find -lwsock32: No such file or directory
collect2: error: ld returned 1 exit status
configure:20991: $? = 1
configure: failed program was:
| /* confdefs.h.  */
| 
| #define PACKAGE_NAME ""
| #define PACKAGE_TARNAME ""
| #define PACKAGE_VERSION ""
| #define PACKAGE_STRING ""
| #define PACKAGE_BUGREPORT ""
| #define HAVE_FSEEKO 1
| #define STDC_HEADERS 1
| #define HAVE_SYS_TYPES_H 1
| #define HAVE_SYS_STAT_H 1
| #define HAVE_STDLIB_H 1
| #define HAVE_STRING_H 1
| #define HAVE_MEMORY_H 1
| #define HAVE_STRINGS_H 1
| #define HAVE_INTTYPES_H 1
| #define HAVE_STDINT_H 1
| #define HAVE_UNISTD_H 1
| #define HAVE_DLOPEN 1
| #define HAVE_LIBZ
| #define CHECK_VERSION
| #define HAVE_SOCKET
| #define HAVE_GETHOSTBYNAME
| #define HAVE_INET_ATON
| #define HAVE_DLOPEN 1
| #define USE_MODULES 1
| #define HAVE_DEV_URANDOM
| #define HAVE_ZLIB_H 1
| #define HAVE_GETOPT_H 1
| #define HAVE_STDIO_H 1
| #define HAVE_STRINGS_H 1
| #define HAVE_STRING_H 1
| #define HAVE_UNISTD_H 1
| #define HAVE_STDINT_H 1
| #define HAVE_INTTYPES_H 1
| #define HAVE_SYS_TIME_H 1
| #define HAVE_SYS_UTSNAME_H 1
| #define HAVE_SYS_SOCKET_H 1
| #define HAVE_SYS_WAIT_H 1
| #define HAVE_DIRENT_H 1
| #define HAVE_DLFCN_H 1
| #define HAVE_STDARG_H 1
| #define HAVE_NETINET_IN_H 1
| #define HAVE_ARPA_INET_H 1
| #define HAVE_NETDB_H 1
| #define HAVE_ERRNO_H 1
| #define TIME_WITH_SYS_TIME 1
| #define SIZEOF_LONG_LONG 8
| #define SIZEOF_LONG 8
| #define SIZEOF_INT 4
| #define SIZEOF_SHORT 2
| #define HAVE_COMPRESS2
| #define HAVE_GZDOPEN
| #define HAVE_GETOPT 1
| #define HAVE_STRSEP 1
| #define HAVE_GETPASS 1
| #define HAVE_MKSTEMP 1
| #define HAVE_UNAME 1
| /* end confdefs.h.  */
| 
| 
| int
| main ()
| {
| main ();
|   ;
|   return 0;
| }
configure:21017: result: no
configure:21136: creating ./config.status

## ---------------------- ##
## Running config.status. ##
## ---------------------- ##

This file was extended by config.status, which was
generated by GNU Autoconf 2.59.  Invocation command line was

  CONFIG_FILES    = 
  CONFIG_HEADERS  = 
  CONFIG_LINKS    = 
  CONFIG_COMMANDS = 
  $ ./config.status 

on khs-ubuntu

config.status:675: creating Makefile
config.status:779: creating config.h
config.status:981: config.h is unchanged

## ---------------- ##
## Cache variables. ##
## ---------------- ##

ac_cv_build=x86_64-unknown-linux-gnu
ac_cv_build_alias=x86_64-unknown-linux-gnu
ac_cv_c_compiler_gnu=yes
ac_cv_c_inline=inline
ac_cv_env_CC_set=
ac_cv_env_CC_value=
ac_cv_env_CFLAGS_set=
ac_cv_env_CFLAGS_value=
ac_cv_env_CPPFLAGS_set=
ac_cv_env_CPPFLAGS_value=
ac_cv_env_CPP_set=
ac_cv_env_CPP_value=
ac_cv_env_LDFLAGS_set=
ac_cv_env_LDFLAGS_value=
ac_cv_env_build_alias_set=
ac_cv_env_build_alias_value=
ac_cv_env_host_alias_set=
ac_cv_env_host_alias_value=
ac_cv_env_target_alias_set=
ac_cv_env_target_alias_value=
ac_cv_exeext=
ac_cv_func_dlopen=yes
ac_cv_func_fseeko=yes
ac_cv_func_getopt=yes
ac_cv_func_getpass=yes
ac_cv_func_mkstemp=yes
ac_cv_func_strsep=yes
ac_cv_func_uname=yes
ac_cv_header_arpa_inet_h=yes
ac_cv_header_bzlib_h=no
ac_cv_header_dirent_h=yes
ac_cv_header_dlfcn_h=yes
ac_cv_header_errno_h=yes
ac_cv_header_getopt_h=yes
ac_cv_header_inttypes_h=yes
ac_cv_header_lzo1x_h=no
ac_cv_header_lzo1y_h=no
ac_cv_header_lzo2a_h=no
ac_cv_header_lzoconf_h=no
ac_cv_header_mcrypt_h=no
ac_cv_header_memory_h=yes
ac_cv_header_netdb_h=yes
ac_cv_header_netinet_in_h=yes
ac_cv_header_stdarg_h=yes
ac_cv_header_stdc=yes
ac_cv_header_stdint_h=yes
ac_cv_header_stdio_h=yes
ac_cv_header_stdlib_h=yes
ac_cv_header_string_h=yes
ac_cv_header_strings_h=yes
ac_cv_header_sys_socket_h=yes
ac_cv_header_sys_stat_h=yes
ac_cv_header_sys_time_h=yes
ac_cv_header_sys_types_h=yes
ac_cv_header_sys_utsname_h=yes
ac_cv_header_sys_wait_h=yes
ac_cv_header_time=yes
ac_cv_header_unistd_h=yes
ac_cv_header_windows_h=no
ac_cv_header_windowsx_h=no
ac_cv_header_winsock2_h=no
ac_cv_header_zlib_h=yes
ac_cv_host=x86_64-unknown-linux-gnu
ac_cv_host_alias=x86_64-unknown-linux-gnu
ac_cv_lib_bz2_BZ2_bzBuffToBuffCompress=no
ac_cv_lib_bz2_BZ2_bzdopen=no
ac_cv_lib_bz2_bzBuffToBuffCompress=no
ac_cv_lib_bz2_bzdopen=no
ac_cv_lib_bz2_main=no
ac_cv_lib_lzo_main=no
ac_cv_lib_mcrypt_main=no
ac_cv_lib_wsock32_main=no
ac_cv_lib_z_compress2=yes
ac_cv_lib_z_gzdopen=yes
ac_cv_lib_z_main=yes
ac_cv_objext=o
ac_cv_path_install='/usr/bin/install -c'
ac_cv_prog_CPP='gcc -E'
ac_cv_prog_ac_ct_AR=ar
ac_cv_prog_ac_ct_CC=gcc
ac_cv_prog_ac_ct_RANLIB=ranlib
ac_cv_prog_cc_g=yes
ac_cv_prog_cc_stdc=
ac_cv_prog_egrep='grep -E'
ac_cv_prog_make_make_set=yes
ac_cv_search_gethostbyname='none required'
ac_cv_search_inet_aton='none required'
ac_cv_search_socket='none required'
ac_cv_sizeof_int=4
ac_cv_sizeof_long=8
ac_cv_sizeof_long_long=8
ac_cv_sizeof_short=2
ac_cv_sys_file_offset_bits=no
ac_cv_sys_large_files=no
ac_cv_sys_largefile_CC=no
ac_cv_sys_largefile_source=no
ac_cv_type_int=yes
ac_cv_type_int16_t=yes
ac_cv_type_int32_t=yes
ac_cv_type_int64_t=yes
ac_cv_type_long=yes
ac_cv_type_long_long=yes
ac_cv_type_off_t=yes
ac_cv_type_short=yes
ac_cv_type_uint=yes
ac_cv_type_uint16_t=yes
ac_cv_type_uint32_t=yes
ac_cv_type_uint64_t=yes
dc_cv_loop='$ac_cv_sizeof_short'
dc_cv_name=short
dc_cv_size=2

## ----------------- ##
## Output variables. ##
## ----------------- ##

ALGO='comp_zlib.c comp_mzlib.c comp_mzlib2.c '
ALLMODLIBS=''
AR='ar'
AREXT='a'
CC='gcc'
CFLAGS='-g -O2 -Wall'
CPP='gcc -E'
CPPFLAGS=''
DEFAULT='module'
DEFS='-DHAVE_CONFIG_H'
DEPEND='Makefile.dep'
ECHO_C=''
ECHO_N='-n'
ECHO_T=''
EGREP='grep -E'
EXEEXT=''
INSTALL_DATA='${INSTALL} -m 644'
INSTALL_PROGRAM='${INSTALL}'
INSTALL_SCRIPT='${INSTALL}'
LDFLAGS=''
LIBOBJS=''
LIBS=''
LTLIBOBJS=''
MODLIBS='-lz '
MODLIBSCOND=''
MODS=''
NOMODS='#'
OBJEXT='o'
PACKAGE_BUGREPORT=''
PACKAGE_NAME=''
PACKAGE_STRING=''
PACKAGE_TARNAME=''
PACKAGE_VERSION=''
PATH_SEPARATOR=':'
RANLIB='ranlib'
SET_MAKE=''
SHELL='/bin/bash'
SHLIBOBJS=''
SHOBJEXT='so'
SHOBJFLAGS='-fPIC -DPIC'
SHOBJLDFLAGS='-shared -rdynamic'
ac_ct_AR='ar'
ac_ct_CC='gcc'
ac_ct_RANLIB='ranlib'
bindir='${exec_prefix}/bin'
build='x86_64-unknown-linux-gnu'
build_alias=''
build_cpu='x86_64'
build_os='linux-gnu'
build_vendor='unknown'
datadir='${prefix}/share'
exec_prefix='${prefix}'
host='x86_64-unknown-linux-gnu'
host_alias=''
host_cpu='x86_64'
host_os='linux-gnu'
host_vendor='unknown'
includedir='${prefix}/include'
infodir='${prefix}/info'
libdir='${exec_prefix}/lib'
libexecdir='${exec_prefix}/libexec'
localstatedir='${prefix}/var'
mandir='${prefix}/man'
oldincludedir='/usr/include'
prefix='/usr/local'
program_transform_name='s,x,x,'
sbindir='${exec_prefix}/sbin'
sharedstatedir='${prefix}/com'
sysconfdir='${prefix}/etc'
target_alias=''

## ----------- ##
## confdefs.h. ##
## ----------- ##

#define CHECK_VERSION
#define HAVE_ARPA_INET_H 1
#define HAVE_COMPRESS2
#define HAVE_DEV_URANDOM
#define HAVE_DIRENT_H 1
#define HAVE_DLFCN_H 1
#define HAVE_DLOPEN 1
#define HAVE_DLOPEN 1
#define HAVE_ERRNO_H 1
#define HAVE_FSEEKO 1
#define HAVE_GETHOSTBYNAME
#define HAVE_GETOPT 1
#define HAVE_GETOPT_H 1
#define HAVE_GETPASS 1
#define HAVE_GZDOPEN
#define HAVE_INET_ATON
#define HAVE_INTTYPES_H 1
#define HAVE_INTTYPES_H 1
#define HAVE_LIBZ
#define HAVE_MEMORY_H 1
#define HAVE_MKSTEMP 1
#define HAVE_NETDB_H 1
#define HAVE_NETINET_IN_H 1
#define HAVE_SOCKET
#define HAVE_STDARG_H 1
#define HAVE_STDINT_H 1
#define HAVE_STDINT_H 1
#define HAVE_STDIO_H 1
#define HAVE_STDLIB_H 1
#define HAVE_STRINGS_H 1
#define HAVE_STRINGS_H 1
#define HAVE_STRING_H 1
#define HAVE_STRING_H 1
#define HAVE_STRSEP 1
#define HAVE_SYS_SOCKET_H 1
#define HAVE_SYS_STAT_H 1
#define HAVE_SYS_TIME_H 1
#define HAVE_SYS_TYPES_H 1
#define HAVE_SYS_UTSNAME_H 1
#define HAVE_SYS_WAIT_H 1
#define HAVE_UNAME 1
#define HAVE_UNISTD_H 1
#define HAVE_UNISTD_H 1
#define HAVE_ZLIB_H 1
#define PACKAGE_BUGREPORT ""
#define PACKAGE_NAME ""
#define PACKAGE_STRING ""
#define PACKAGE_TARNAME ""
#define PACKAGE_VERSION ""
#define SIZEOF_INT 4
#define SIZEOF_LONG 8
#define SIZEOF_LONG_LONG 8
#define SIZEOF_SHORT 2
#define STDC_HEADERS 1
#define TIME_WITH_SYS_TIME 1
#define USE_MODULES 1

configure: exit 0
